#
# There is insufficient memory for the Java Runtime Environment to continue.
# Native memory allocation (malloc) failed to allocate 477296 bytes for Chunk::new
# Possible reasons:
#   The system is out of physical RAM or swap space
#   The process is running with CompressedOops enabled, and the Java Heap may be blocking the growth of the native heap
# Possible solutions:
#   Reduce memory load on the system
#   Increase physical memory or swap space
#   Check if swap backing store is full
#   Decrease Java heap size (-Xmx/-Xms)
#   Decrease number of Java threads
#   Decrease Java thread stack sizes (-Xss)
#   Set larger code cache with -XX:ReservedCodeCacheSize=
#   JVM is running with Zero Based Compressed Oops mode in which the Java heap is
#     placed in the first 32GB address space. The Java Heap base address is the
#     maximum limit for the native heap growth. Please use -XX:HeapBaseMinAddress
#     to set the Java Heap base and to place the Java Heap above 32GB virtual address.
# This output file may be truncated or incomplete.
#
#  Out of Memory Error (arena.cpp:184), pid=15888, tid=4716
#
# JRE version: Java(TM) SE Runtime Environment (18.0.1.1+2) (build 18.0.1.1+2-6)
# Java VM: Java HotSpot(TM) 64-Bit Server VM (18.0.1.1+2-6, mixed mode, sharing, tiered, compressed oops, compressed class ptrs, g1 gc, windows-amd64)
# No core dump will be written. Minidumps are not enabled by default on client versions of Windows
#

---------------  S U M M A R Y ------------

Command Line: -javaagent:C:\Program Files\JetBrains\IntelliJ IDEA Community Edition 2022.3.2\lib\idea_rt.jar=12523:C:\Program Files\JetBrains\IntelliJ IDEA Community Edition 2022.3.2\bin -Dfile.encoding=UTF-8 -Dsun.stdout.encoding=UTF-8 -Dsun.stderr.encoding=UTF-8 ru.matyasov.app.accounting.AccountingApplication

Host: AMD Ryzen 3 3100 4-Core Processor              , 8 cores, 15G,  Windows 10 , 64 bit Build 19041 (10.0.19041.2913)
Time: Wed Jun 14 11:03:27 2023 RTZ 2 (s 10 , 64 bit Build 19041 (10.0.19041.2913) elapsed time: 0.820123 seconds (0d 0h 0m 0s)

---------------  T H R E A D  ---------------

Current thread (0x0000029f0239b080):  JavaThread "C2 CompilerThread0" daemon [_thread_in_native, id=4716, stack(0x000000bceb500000,0x000000bceb600000)]


Current CompileTask:
C2:    820 1948       4       java.util.HashSet::add (20 bytes)

Stack: [0x000000bceb500000,0x000000bceb600000]
Native frames: (J=compiled Java code, j=interpreted, Vv=VM code, C=native code)
V  [jvm.dll+0x69887a]
V  [jvm.dll+0x7f38bd]
V  [jvm.dll+0x7f51ce]
V  [jvm.dll+0x7f5883]
V  [jvm.dll+0x25ca3f]
V  [jvm.dll+0xb8c2f]
V  [jvm.dll+0xb8fa5]
V  [jvm.dll+0x385a31]
V  [jvm.dll+0x34f811]
V  [jvm.dll+0x34ecaa]
V  [jvm.dll+0x22fc21]
V  [jvm.dll+0x22eff1]
V  [jvm.dll+0x1b9cfc]
V  [jvm.dll+0x23e8ca]
V  [jvm.dll+0x23cbb5]
V  [jvm.dll+0x7a5fb1]
V  [jvm.dll+0x7a03ea]
V  [jvm.dll+0x697725]
C  [ucrtbase.dll+0x21bb2]
C  [KERNEL32.DLL+0x17614]
C  [ntdll.dll+0x526a1]


---------------  P R O C E S S  ---------------

Threads class SMR info:
_java_thread_list=0x0000029f07696ef0, length=17, elements={
0x0000029f5f4bb130, 0x0000029f02378870, 0x0000029f023793e0, 0x0000029f02394af0,
0x0000029f02396fc0, 0x0000029f02397480, 0x0000029f0239a0f0, 0x0000029f0239b080,
0x0000029f0239bfa0, 0x0000029f023a9990, 0x0000029f02366930, 0x0000029f069989e0,
0x0000029f06a17e10, 0x0000029f06a9fb10, 0x0000029f074be480, 0x0000029f075ec500,
0x0000029f077bab60
}

Java Threads: ( => current thread )
  0x0000029f5f4bb130 JavaThread "main" [_thread_in_vm, id=15280, stack(0x000000bcea800000,0x000000bcea900000)]
  0x0000029f02378870 JavaThread "Reference Handler" daemon [_thread_blocked, id=17032, stack(0x000000bceaf00000,0x000000bceb000000)]
  0x0000029f023793e0 JavaThread "Finalizer" daemon [_thread_blocked, id=9512, stack(0x000000bceb000000,0x000000bceb100000)]
  0x0000029f02394af0 JavaThread "Signal Dispatcher" daemon [_thread_blocked, id=15540, stack(0x000000bceb100000,0x000000bceb200000)]
  0x0000029f02396fc0 JavaThread "Attach Listener" daemon [_thread_blocked, id=10560, stack(0x000000bceb200000,0x000000bceb300000)]
  0x0000029f02397480 JavaThread "Service Thread" daemon [_thread_blocked, id=13024, stack(0x000000bceb300000,0x000000bceb400000)]
  0x0000029f0239a0f0 JavaThread "Monitor Deflation Thread" daemon [_thread_blocked, id=16660, stack(0x000000bceb400000,0x000000bceb500000)]
=>0x0000029f0239b080 JavaThread "C2 CompilerThread0" daemon [_thread_in_native, id=4716, stack(0x000000bceb500000,0x000000bceb600000)]
  0x0000029f0239bfa0 JavaThread "C1 CompilerThread0" daemon [_thread_blocked, id=1564, stack(0x000000bceb600000,0x000000bceb700000)]
  0x0000029f023a9990 JavaThread "Sweeper thread" daemon [_thread_blocked, id=15612, stack(0x000000bceb700000,0x000000bceb800000)]
  0x0000029f02366930 JavaThread "Common-Cleaner" daemon [_thread_blocked, id=17964, stack(0x000000bceb800000,0x000000bceb900000)]
  0x0000029f069989e0 JavaThread "C2 CompilerThread1" daemon [_thread_in_native, id=22360, stack(0x000000bceb900000,0x000000bceba00000)]
  0x0000029f06a17e10 JavaThread "Monitor Ctrl-Break" daemon [_thread_in_native, id=888, stack(0x000000bceba00000,0x000000bcebb00000)]
  0x0000029f06a9fb10 JavaThread "Notification Thread" daemon [_thread_blocked, id=8420, stack(0x000000bcebb00000,0x000000bcebc00000)]
  0x0000029f074be480 JavaThread "background-preinit" [_thread_in_Java, id=1844, stack(0x000000bcec200000,0x000000bcec300000)]
  0x0000029f075ec500 JavaThread "C2 CompilerThread2" daemon [_thread_in_native, id=10308, stack(0x000000bcec500000,0x000000bcec600000)]
  0x0000029f077bab60 JavaThread "Thread-0" [_thread_in_vm, id=17356, stack(0x000000bcec600000,0x000000bcec700000)]

Other Threads:
  0x0000029f5f5481f0 VMThread "VM Thread" [stack: 0x000000bceae00000,0x000000bceaf00000] [id=3128]
  0x0000029f06a69230 WatcherThread "VM Periodic Task Thread" [stack: 0x000000bcebc00000,0x000000bcebd00000] [id=19100]
  0x0000029f5f52e7f0 WorkerThread "GC Thread#0" [stack: 0x000000bcea900000,0x000000bceaa00000] [id=23136]
  0x0000029f06f196b0 WorkerThread "GC Thread#1" [stack: 0x000000bcebd00000,0x000000bcebe00000] [id=13632]
  0x0000029f06f19950 WorkerThread "GC Thread#2" [stack: 0x000000bcebe00000,0x000000bcebf00000] [id=18812]
  0x0000029f07381d80 WorkerThread "GC Thread#3" [stack: 0x000000bcebf00000,0x000000bcec000000] [id=18960]
  0x0000029f07382020 WorkerThread "GC Thread#4" [stack: 0x000000bcec000000,0x000000bcec100000] [id=23336]
  0x0000029f073822c0 WorkerThread "GC Thread#5" [stack: 0x000000bcec100000,0x000000bcec200000] [id=5012]
  0x0000029f0795c950 WorkerThread "GC Thread#6" [stack: 0x000000bcec300000,0x000000bcec400000] [id=18936]
  0x0000029f0795cbf0 WorkerThread "GC Thread#7" [stack: 0x000000bcec400000,0x000000bcec500000] [id=6224]
  0x0000029f5f540540 ConcurrentGCThread "G1 Main Marker" [stack: 0x000000bceaa00000,0x000000bceab00000] [id=16728]
  0x0000029f5f540e40 WorkerThread "G1 Conc#0" [stack: 0x000000bceab00000,0x000000bceac00000] [id=12852]
  0x0000029f5f57ead0 ConcurrentGCThread "G1 Refine#0" [stack: 0x000000bceac00000,0x000000bcead00000] [id=21040]
  0x0000029f022324f0 ConcurrentGCThread "G1 Service" [stack: 0x000000bcead00000,0x000000bceae00000] [id=20652]

Threads with active compile tasks:
C2 CompilerThread0      836 1948       4       java.util.HashSet::add (20 bytes)
C2 CompilerThread1      836 1851   !   4       java.net.URL::<init> (543 bytes)
C2 CompilerThread2      836 2000 %     4       java.util.Properties::loadConvert @ 8 (540 bytes)

VM state: not at safepoint (normal execution)

VM Mutex/Monitor currently owned by a thread: None

Heap address: 0x0000000701000000, size: 4080 MB, Compressed Oops mode: Zero based, Oop shift amount: 3

CDS archive(s) mapped at: [0x0000000800000000-0x0000000800ba0000-0x0000000800ba0000), size 12189696, SharedBaseAddress: 0x0000000800000000, ArchiveRelocationMode: 0.
Compressed class space mapped at: 0x0000000800c00000-0x0000000840c00000, reserved size: 1073741824
Narrow klass base: 0x0000000800000000, Narrow klass shift: 0, Narrow klass range: 0x100000000

GC Precious Log:
 CardTable entry size: 512
 Card Set container configuration: InlinePtr #cards 4 size 8 Array Of Cards #cards 16 size 48 Howl #buckets 8 coarsen threshold 3686 Howl Bitmap #cards 512 size 80 coarsen threshold 460 Card regions per heap region 1 cards per card region 4096
 CPUs: 8 total, 8 available
 Memory: 16315M
 Large Page Support: Disabled
 NUMA Support: Disabled
 Compressed Oops: Enabled (Zero based)
 Heap Region Size: 2M
 Heap Min Capacity: 8M
 Heap Initial Capacity: 256M
 Heap Max Capacity: 4080M
 Pre-touch: Disabled
 Parallel Workers: 8
 Concurrent Workers: 2
 Concurrent Refinement Workers: 8
 Periodic GC: Disabled

Heap:
 garbage-first heap   total 262144K, used 23167K [0x0000000701000000, 0x0000000800000000)
  region size 2048K, 9 young (18432K), 1 survivors (2048K)
 Metaspace       used 16303K, committed 16512K, reserved 1114112K
  class space    used 2020K, committed 2112K, reserved 1048576K

Heap Regions: E=young(eden), S=young(survivor), O=old, HS=humongous(starts), HC=humongous(continues), CS=collection set, F=free, OA=open archive, CA=closed archive, TAMS=top-at-mark-start (previous, next)
|   0|0x0000000701000000, 0x0000000701200000, 0x0000000701200000|100%| O|  |TAMS 0x0000000701000000, 0x0000000701000000| Untracked 
|   1|0x0000000701200000, 0x0000000701400000, 0x0000000701400000|100%| O|  |TAMS 0x0000000701200000, 0x0000000701200000| Untracked 
|   2|0x0000000701400000, 0x0000000701600000, 0x0000000701600000|100%| O|  |TAMS 0x0000000701400000, 0x0000000701400000| Untracked 
|   3|0x0000000701600000, 0x00000007016a3c00, 0x0000000701800000| 31%| O|  |TAMS 0x0000000701600000, 0x0000000701600000| Untracked 
|   4|0x0000000701800000, 0x0000000701800000, 0x0000000701a00000|  0%| F|  |TAMS 0x0000000701800000, 0x0000000701800000| Untracked 
|   5|0x0000000701a00000, 0x0000000701a00000, 0x0000000701c00000|  0%| F|  |TAMS 0x0000000701a00000, 0x0000000701a00000| Untracked 
|   6|0x0000000701c00000, 0x0000000701c00000, 0x0000000701e00000|  0%| F|  |TAMS 0x0000000701c00000, 0x0000000701c00000| Untracked 
|   7|0x0000000701e00000, 0x0000000701e00000, 0x0000000702000000|  0%| F|  |TAMS 0x0000000701e00000, 0x0000000701e00000| Untracked 
|   8|0x0000000702000000, 0x0000000702000000, 0x0000000702200000|  0%| F|  |TAMS 0x0000000702000000, 0x0000000702000000| Untracked 
|   9|0x0000000702200000, 0x0000000702200000, 0x0000000702400000|  0%| F|  |TAMS 0x0000000702200000, 0x0000000702200000| Untracked 
|  10|0x0000000702400000, 0x0000000702400000, 0x0000000702600000|  0%| F|  |TAMS 0x0000000702400000, 0x0000000702400000| Untracked 
|  11|0x0000000702600000, 0x0000000702600000, 0x0000000702800000|  0%| F|  |TAMS 0x0000000702600000, 0x0000000702600000| Untracked 
|  12|0x0000000702800000, 0x0000000702800000, 0x0000000702a00000|  0%| F|  |TAMS 0x0000000702800000, 0x0000000702800000| Untracked 
|  13|0x0000000702a00000, 0x0000000702a00000, 0x0000000702c00000|  0%| F|  |TAMS 0x0000000702a00000, 0x0000000702a00000| Untracked 
|  14|0x0000000702c00000, 0x0000000702c00000, 0x0000000702e00000|  0%| F|  |TAMS 0x0000000702c00000, 0x0000000702c00000| Untracked 
|  15|0x0000000702e00000, 0x0000000702e00000, 0x0000000703000000|  0%| F|  |TAMS 0x0000000702e00000, 0x0000000702e00000| Untracked 
|  16|0x0000000703000000, 0x0000000703000000, 0x0000000703200000|  0%| F|  |TAMS 0x0000000703000000, 0x0000000703000000| Untracked 
|  17|0x0000000703200000, 0x0000000703200000, 0x0000000703400000|  0%| F|  |TAMS 0x0000000703200000, 0x0000000703200000| Untracked 
|  18|0x0000000703400000, 0x0000000703400000, 0x0000000703600000|  0%| F|  |TAMS 0x0000000703400000, 0x0000000703400000| Untracked 
|  19|0x0000000703600000, 0x0000000703600000, 0x0000000703800000|  0%| F|  |TAMS 0x0000000703600000, 0x0000000703600000| Untracked 
|  20|0x0000000703800000, 0x0000000703800000, 0x0000000703a00000|  0%| F|  |TAMS 0x0000000703800000, 0x0000000703800000| Untracked 
|  21|0x0000000703a00000, 0x0000000703a00000, 0x0000000703c00000|  0%| F|  |TAMS 0x0000000703a00000, 0x0000000703a00000| Untracked 
|  22|0x0000000703c00000, 0x0000000703c00000, 0x0000000703e00000|  0%| F|  |TAMS 0x0000000703c00000, 0x0000000703c00000| Untracked 
|  23|0x0000000703e00000, 0x0000000703e00000, 0x0000000704000000|  0%| F|  |TAMS 0x0000000703e00000, 0x0000000703e00000| Untracked 
|  24|0x0000000704000000, 0x0000000704000000, 0x0000000704200000|  0%| F|  |TAMS 0x0000000704000000, 0x0000000704000000| Untracked 
|  25|0x0000000704200000, 0x0000000704200000, 0x0000000704400000|  0%| F|  |TAMS 0x0000000704200000, 0x0000000704200000| Untracked 
|  26|0x0000000704400000, 0x0000000704400000, 0x0000000704600000|  0%| F|  |TAMS 0x0000000704400000, 0x0000000704400000| Untracked 
|  27|0x0000000704600000, 0x0000000704600000, 0x0000000704800000|  0%| F|  |TAMS 0x0000000704600000, 0x0000000704600000| Untracked 
|  28|0x0000000704800000, 0x0000000704800000, 0x0000000704a00000|  0%| F|  |TAMS 0x0000000704800000, 0x0000000704800000| Untracked 
|  29|0x0000000704a00000, 0x0000000704a00000, 0x0000000704c00000|  0%| F|  |TAMS 0x0000000704a00000, 0x0000000704a00000| Untracked 
|  30|0x0000000704c00000, 0x0000000704c00000, 0x0000000704e00000|  0%| F|  |TAMS 0x0000000704c00000, 0x0000000704c00000| Untracked 
|  31|0x0000000704e00000, 0x0000000704e00000, 0x0000000705000000|  0%| F|  |TAMS 0x0000000704e00000, 0x0000000704e00000| Untracked 
|  32|0x0000000705000000, 0x0000000705000000, 0x0000000705200000|  0%| F|  |TAMS 0x0000000705000000, 0x0000000705000000| Untracked 
|  33|0x0000000705200000, 0x0000000705200000, 0x0000000705400000|  0%| F|  |TAMS 0x0000000705200000, 0x0000000705200000| Untracked 
|  34|0x0000000705400000, 0x0000000705400000, 0x0000000705600000|  0%| F|  |TAMS 0x0000000705400000, 0x0000000705400000| Untracked 
|  35|0x0000000705600000, 0x0000000705600000, 0x0000000705800000|  0%| F|  |TAMS 0x0000000705600000, 0x0000000705600000| Untracked 
|  36|0x0000000705800000, 0x0000000705800000, 0x0000000705a00000|  0%| F|  |TAMS 0x0000000705800000, 0x0000000705800000| Untracked 
|  37|0x0000000705a00000, 0x0000000705a00000, 0x0000000705c00000|  0%| F|  |TAMS 0x0000000705a00000, 0x0000000705a00000| Untracked 
|  38|0x0000000705c00000, 0x0000000705c00000, 0x0000000705e00000|  0%| F|  |TAMS 0x0000000705c00000, 0x0000000705c00000| Untracked 
|  39|0x0000000705e00000, 0x0000000705e00000, 0x0000000706000000|  0%| F|  |TAMS 0x0000000705e00000, 0x0000000705e00000| Untracked 
|  40|0x0000000706000000, 0x0000000706000000, 0x0000000706200000|  0%| F|  |TAMS 0x0000000706000000, 0x0000000706000000| Untracked 
|  41|0x0000000706200000, 0x0000000706200000, 0x0000000706400000|  0%| F|  |TAMS 0x0000000706200000, 0x0000000706200000| Untracked 
|  42|0x0000000706400000, 0x0000000706400000, 0x0000000706600000|  0%| F|  |TAMS 0x0000000706400000, 0x0000000706400000| Untracked 
|  43|0x0000000706600000, 0x0000000706600000, 0x0000000706800000|  0%| F|  |TAMS 0x0000000706600000, 0x0000000706600000| Untracked 
|  44|0x0000000706800000, 0x0000000706800000, 0x0000000706a00000|  0%| F|  |TAMS 0x0000000706800000, 0x0000000706800000| Untracked 
|  45|0x0000000706a00000, 0x0000000706a00000, 0x0000000706c00000|  0%| F|  |TAMS 0x0000000706a00000, 0x0000000706a00000| Untracked 
|  46|0x0000000706c00000, 0x0000000706c00000, 0x0000000706e00000|  0%| F|  |TAMS 0x0000000706c00000, 0x0000000706c00000| Untracked 
|  47|0x0000000706e00000, 0x0000000706e00000, 0x0000000707000000|  0%| F|  |TAMS 0x0000000706e00000, 0x0000000706e00000| Untracked 
|  48|0x0000000707000000, 0x0000000707000000, 0x0000000707200000|  0%| F|  |TAMS 0x0000000707000000, 0x0000000707000000| Untracked 
|  49|0x0000000707200000, 0x0000000707200000, 0x0000000707400000|  0%| F|  |TAMS 0x0000000707200000, 0x0000000707200000| Untracked 
|  50|0x0000000707400000, 0x0000000707400000, 0x0000000707600000|  0%| F|  |TAMS 0x0000000707400000, 0x0000000707400000| Untracked 
|  51|0x0000000707600000, 0x0000000707600000, 0x0000000707800000|  0%| F|  |TAMS 0x0000000707600000, 0x0000000707600000| Untracked 
|  52|0x0000000707800000, 0x0000000707800000, 0x0000000707a00000|  0%| F|  |TAMS 0x0000000707800000, 0x0000000707800000| Untracked 
|  53|0x0000000707a00000, 0x0000000707a00000, 0x0000000707c00000|  0%| F|  |TAMS 0x0000000707a00000, 0x0000000707a00000| Untracked 
|  54|0x0000000707c00000, 0x0000000707c00000, 0x0000000707e00000|  0%| F|  |TAMS 0x0000000707c00000, 0x0000000707c00000| Untracked 
|  55|0x0000000707e00000, 0x0000000707e00000, 0x0000000708000000|  0%| F|  |TAMS 0x0000000707e00000, 0x0000000707e00000| Untracked 
|  56|0x0000000708000000, 0x0000000708000000, 0x0000000708200000|  0%| F|  |TAMS 0x0000000708000000, 0x0000000708000000| Untracked 
|  57|0x0000000708200000, 0x0000000708200000, 0x0000000708400000|  0%| F|  |TAMS 0x0000000708200000, 0x0000000708200000| Untracked 
|  58|0x0000000708400000, 0x0000000708400000, 0x0000000708600000|  0%| F|  |TAMS 0x0000000708400000, 0x0000000708400000| Untracked 
|  59|0x0000000708600000, 0x0000000708600000, 0x0000000708800000|  0%| F|  |TAMS 0x0000000708600000, 0x0000000708600000| Untracked 
|  60|0x0000000708800000, 0x0000000708800000, 0x0000000708a00000|  0%| F|  |TAMS 0x0000000708800000, 0x0000000708800000| Untracked 
|  61|0x0000000708a00000, 0x0000000708a00000, 0x0000000708c00000|  0%| F|  |TAMS 0x0000000708a00000, 0x0000000708a00000| Untracked 
|  62|0x0000000708c00000, 0x0000000708c00000, 0x0000000708e00000|  0%| F|  |TAMS 0x0000000708c00000, 0x0000000708c00000| Untracked 
|  63|0x0000000708e00000, 0x0000000708e00000, 0x0000000709000000|  0%| F|  |TAMS 0x0000000708e00000, 0x0000000708e00000| Untracked 
|  64|0x0000000709000000, 0x0000000709000000, 0x0000000709200000|  0%| F|  |TAMS 0x0000000709000000, 0x0000000709000000| Untracked 
|  65|0x0000000709200000, 0x0000000709200000, 0x0000000709400000|  0%| F|  |TAMS 0x0000000709200000, 0x0000000709200000| Untracked 
|  66|0x0000000709400000, 0x0000000709400000, 0x0000000709600000|  0%| F|  |TAMS 0x0000000709400000, 0x0000000709400000| Untracked 
|  67|0x0000000709600000, 0x0000000709600000, 0x0000000709800000|  0%| F|  |TAMS 0x0000000709600000, 0x0000000709600000| Untracked 
|  68|0x0000000709800000, 0x0000000709800000, 0x0000000709a00000|  0%| F|  |TAMS 0x0000000709800000, 0x0000000709800000| Untracked 
|  69|0x0000000709a00000, 0x0000000709a00000, 0x0000000709c00000|  0%| F|  |TAMS 0x0000000709a00000, 0x0000000709a00000| Untracked 
|  70|0x0000000709c00000, 0x0000000709c00000, 0x0000000709e00000|  0%| F|  |TAMS 0x0000000709c00000, 0x0000000709c00000| Untracked 
|  71|0x0000000709e00000, 0x0000000709e00000, 0x000000070a000000|  0%| F|  |TAMS 0x0000000709e00000, 0x0000000709e00000| Untracked 
|  72|0x000000070a000000, 0x000000070a000000, 0x000000070a200000|  0%| F|  |TAMS 0x000000070a000000, 0x000000070a000000| Untracked 
|  73|0x000000070a200000, 0x000000070a200000, 0x000000070a400000|  0%| F|  |TAMS 0x000000070a200000, 0x000000070a200000| Untracked 
|  74|0x000000070a400000, 0x000000070a400000, 0x000000070a600000|  0%| F|  |TAMS 0x000000070a400000, 0x000000070a400000| Untracked 
|  75|0x000000070a600000, 0x000000070a600000, 0x000000070a800000|  0%| F|  |TAMS 0x000000070a600000, 0x000000070a600000| Untracked 
|  76|0x000000070a800000, 0x000000070a800000, 0x000000070aa00000|  0%| F|  |TAMS 0x000000070a800000, 0x000000070a800000| Untracked 
|  77|0x000000070aa00000, 0x000000070aa00000, 0x000000070ac00000|  0%| F|  |TAMS 0x000000070aa00000, 0x000000070aa00000| Untracked 
|  78|0x000000070ac00000, 0x000000070ac00000, 0x000000070ae00000|  0%| F|  |TAMS 0x000000070ac00000, 0x000000070ac00000| Untracked 
|  79|0x000000070ae00000, 0x000000070ae00000, 0x000000070b000000|  0%| F|  |TAMS 0x000000070ae00000, 0x000000070ae00000| Untracked 
|  80|0x000000070b000000, 0x000000070b000000, 0x000000070b200000|  0%| F|  |TAMS 0x000000070b000000, 0x000000070b000000| Untracked 
|  81|0x000000070b200000, 0x000000070b200000, 0x000000070b400000|  0%| F|  |TAMS 0x000000070b200000, 0x000000070b200000| Untracked 
|  82|0x000000070b400000, 0x000000070b400000, 0x000000070b600000|  0%| F|  |TAMS 0x000000070b400000, 0x000000070b400000| Untracked 
|  83|0x000000070b600000, 0x000000070b600000, 0x000000070b800000|  0%| F|  |TAMS 0x000000070b600000, 0x000000070b600000| Untracked 
|  84|0x000000070b800000, 0x000000070b800000, 0x000000070ba00000|  0%| F|  |TAMS 0x000000070b800000, 0x000000070b800000| Untracked 
|  85|0x000000070ba00000, 0x000000070ba00000, 0x000000070bc00000|  0%| F|  |TAMS 0x000000070ba00000, 0x000000070ba00000| Untracked 
|  86|0x000000070bc00000, 0x000000070bc00000, 0x000000070be00000|  0%| F|  |TAMS 0x000000070bc00000, 0x000000070bc00000| Untracked 
|  87|0x000000070be00000, 0x000000070be00000, 0x000000070c000000|  0%| F|  |TAMS 0x000000070be00000, 0x000000070be00000| Untracked 
|  88|0x000000070c000000, 0x000000070c000000, 0x000000070c200000|  0%| F|  |TAMS 0x000000070c000000, 0x000000070c000000| Untracked 
|  89|0x000000070c200000, 0x000000070c200000, 0x000000070c400000|  0%| F|  |TAMS 0x000000070c200000, 0x000000070c200000| Untracked 
|  90|0x000000070c400000, 0x000000070c400000, 0x000000070c600000|  0%| F|  |TAMS 0x000000070c400000, 0x000000070c400000| Untracked 
|  91|0x000000070c600000, 0x000000070c600000, 0x000000070c800000|  0%| F|  |TAMS 0x000000070c600000, 0x000000070c600000| Untracked 
|  92|0x000000070c800000, 0x000000070c800000, 0x000000070ca00000|  0%| F|  |TAMS 0x000000070c800000, 0x000000070c800000| Untracked 
|  93|0x000000070ca00000, 0x000000070ca00000, 0x000000070cc00000|  0%| F|  |TAMS 0x000000070ca00000, 0x000000070ca00000| Untracked 
|  94|0x000000070cc00000, 0x000000070cc00000, 0x000000070ce00000|  0%| F|  |TAMS 0x000000070cc00000, 0x000000070cc00000| Untracked 
|  95|0x000000070ce00000, 0x000000070ce00000, 0x000000070d000000|  0%| F|  |TAMS 0x000000070ce00000, 0x000000070ce00000| Untracked 
|  96|0x000000070d000000, 0x000000070d000000, 0x000000070d200000|  0%| F|  |TAMS 0x000000070d000000, 0x000000070d000000| Untracked 
|  97|0x000000070d200000, 0x000000070d200000, 0x000000070d400000|  0%| F|  |TAMS 0x000000070d200000, 0x000000070d200000| Untracked 
|  98|0x000000070d400000, 0x000000070d400000, 0x000000070d600000|  0%| F|  |TAMS 0x000000070d400000, 0x000000070d400000| Untracked 
|  99|0x000000070d600000, 0x000000070d600000, 0x000000070d800000|  0%| F|  |TAMS 0x000000070d600000, 0x000000070d600000| Untracked 
| 100|0x000000070d800000, 0x000000070d800000, 0x000000070da00000|  0%| F|  |TAMS 0x000000070d800000, 0x000000070d800000| Untracked 
| 101|0x000000070da00000, 0x000000070da00000, 0x000000070dc00000|  0%| F|  |TAMS 0x000000070da00000, 0x000000070da00000| Untracked 
| 102|0x000000070dc00000, 0x000000070dc00000, 0x000000070de00000|  0%| F|  |TAMS 0x000000070dc00000, 0x000000070dc00000| Untracked 
| 103|0x000000070de00000, 0x000000070de00000, 0x000000070e000000|  0%| F|  |TAMS 0x000000070de00000, 0x000000070de00000| Untracked 
| 104|0x000000070e000000, 0x000000070e000000, 0x000000070e200000|  0%| F|  |TAMS 0x000000070e000000, 0x000000070e000000| Untracked 
| 105|0x000000070e200000, 0x000000070e200000, 0x000000070e400000|  0%| F|  |TAMS 0x000000070e200000, 0x000000070e200000| Untracked 
| 106|0x000000070e400000, 0x000000070e400000, 0x000000070e600000|  0%| F|  |TAMS 0x000000070e400000, 0x000000070e400000| Untracked 
| 107|0x000000070e600000, 0x000000070e600000, 0x000000070e800000|  0%| F|  |TAMS 0x000000070e600000, 0x000000070e600000| Untracked 
| 108|0x000000070e800000, 0x000000070e800000, 0x000000070ea00000|  0%| F|  |TAMS 0x000000070e800000, 0x000000070e800000| Untracked 
| 109|0x000000070ea00000, 0x000000070ea00000, 0x000000070ec00000|  0%| F|  |TAMS 0x000000070ea00000, 0x000000070ea00000| Untracked 
| 110|0x000000070ec00000, 0x000000070ec00000, 0x000000070ee00000|  0%| F|  |TAMS 0x000000070ec00000, 0x000000070ec00000| Untracked 
| 111|0x000000070ee00000, 0x000000070ee00000, 0x000000070f000000|  0%| F|  |TAMS 0x000000070ee00000, 0x000000070ee00000| Untracked 
| 112|0x000000070f000000, 0x000000070f1fc340, 0x000000070f200000| 99%| S|CS|TAMS 0x000000070f000000, 0x000000070f000000| Complete 
| 113|0x000000070f200000, 0x000000070f200000, 0x000000070f400000|  0%| F|  |TAMS 0x000000070f200000, 0x000000070f200000| Untracked 
| 114|0x000000070f400000, 0x000000070f400000, 0x000000070f600000|  0%| F|  |TAMS 0x000000070f400000, 0x000000070f400000| Untracked 
| 115|0x000000070f600000, 0x000000070f600000, 0x000000070f800000|  0%| F|  |TAMS 0x000000070f600000, 0x000000070f600000| Untracked 
| 116|0x000000070f800000, 0x000000070f800000, 0x000000070fa00000|  0%| F|  |TAMS 0x000000070f800000, 0x000000070f800000| Untracked 
| 117|0x000000070fa00000, 0x000000070fa00000, 0x000000070fc00000|  0%| F|  |TAMS 0x000000070fa00000, 0x000000070fa00000| Untracked 
| 118|0x000000070fc00000, 0x000000070fc00000, 0x000000070fe00000|  0%| F|  |TAMS 0x000000070fc00000, 0x000000070fc00000| Untracked 
| 119|0x000000070fe00000, 0x000000070fe00000, 0x0000000710000000|  0%| F|  |TAMS 0x000000070fe00000, 0x000000070fe00000| Untracked 
| 120|0x0000000710000000, 0x00000007100f1e80, 0x0000000710200000| 47%| E|  |TAMS 0x0000000710000000, 0x0000000710000000| Complete 
| 121|0x0000000710200000, 0x0000000710400000, 0x0000000710400000|100%| E|CS|TAMS 0x0000000710200000, 0x0000000710200000| Complete 
| 122|0x0000000710400000, 0x0000000710600000, 0x0000000710600000|100%| E|CS|TAMS 0x0000000710400000, 0x0000000710400000| Complete 
| 123|0x0000000710600000, 0x0000000710800000, 0x0000000710800000|100%| E|CS|TAMS 0x0000000710600000, 0x0000000710600000| Complete 
| 124|0x0000000710800000, 0x0000000710a00000, 0x0000000710a00000|100%| E|CS|TAMS 0x0000000710800000, 0x0000000710800000| Complete 
| 125|0x0000000710a00000, 0x0000000710c00000, 0x0000000710c00000|100%| E|CS|TAMS 0x0000000710a00000, 0x0000000710a00000| Complete 
| 126|0x0000000710c00000, 0x0000000710e00000, 0x0000000710e00000|100%| E|CS|TAMS 0x0000000710c00000, 0x0000000710c00000| Complete 
| 127|0x0000000710e00000, 0x0000000711000000, 0x0000000711000000|100%| E|CS|TAMS 0x0000000710e00000, 0x0000000710e00000| Complete 

Card table byte_map: [0x0000029f76920000,0x0000029f77120000] _byte_map_base: 0x0000029f73118000

Marking Bits (Prev, Next): (CMBitMap*) 0x0000029f5f52fd10, (CMBitMap*) 0x0000029f5f52fd50
 Prev Bits: [0x0000029f77920000, 0x0000029f7b8e0000)
 Next Bits: [0x0000029f7b8e0000, 0x0000029f7f8a0000)

Polling page: 0x0000029f5ec80000

Metaspace:

Usage:
  Non-class:     14.08 MB used.
      Class:      1.99 MB used.
       Both:     16.07 MB used.

Virtual space:
  Non-class space:       64.00 MB reserved,      14.19 MB ( 22%) committed,  1 nodes.
      Class space:        1.00 GB reserved,       2.12 MB ( <1%) committed,  1 nodes.
             Both:        1.06 GB reserved,      16.31 MB (  1%) committed. 

Chunk freelists:
   Non-Class:  976.00 KB
       Class:  1.86 MB
        Both:  2.81 MB

MaxMetaspaceSize: unlimited
CompressedClassSpaceSize: 1.00 GB
Initial GC threshold: 21.00 MB
Current GC threshold: 21.00 MB
CDS: on
MetaspaceReclaimPolicy: balanced
 - commit_granule_bytes: 65536.
 - commit_granule_words: 8192.
 - virtual_space_node_default_size: 8388608.
 - enlarge_chunks_in_place: 1.
 - new_chunks_are_fully_committed: 0.
 - uncommit_free_chunks: 1.
 - use_allocation_guard: 0.


Internal statistics:

num_allocs_failed_limit: 0.
num_arena_births: 204.
num_arena_deaths: 0.
num_vsnodes_births: 2.
num_vsnodes_deaths: 0.
num_space_committed: 261.
num_space_uncommitted: 0.
num_chunks_returned_to_freelist: 0.
num_chunks_taken_from_freelist: 732.
num_chunk_merges: 0.
num_chunk_splits: 511.
num_chunks_enlarged: 412.
num_inconsistent_stats: 0.

CodeHeap 'non-profiled nmethods': size=120000Kb used=668Kb max_used=668Kb free=119331Kb
 bounds [0x0000029f6e8c0000, 0x0000029f6eb30000, 0x0000029f75df0000]
CodeHeap 'profiled nmethods': size=120000Kb used=3749Kb max_used=3749Kb free=116250Kb
 bounds [0x0000029f67390000, 0x0000029f67740000, 0x0000029f6e8c0000]
CodeHeap 'non-nmethods': size=5760Kb used=1195Kb max_used=1210Kb free=4565Kb
 bounds [0x0000029f66df0000, 0x0000029f67060000, 0x0000029f67390000]
 total_blobs=2488 nmethods=2009 adapters=391
 compilation: enabled
              stopped_count=0, restarted_count=0
 full_count=0

Compilation events (20 events):
Event: 0.811 Thread 0x0000029f0239bfa0 1984   !   3       java.lang.invoke.InnerClassLambdaMetafactory::generateInnerClass (619 bytes)
Event: 0.813 Thread 0x0000029f0239bfa0 nmethod 1984 0x0000029f67724810 code [0x0000029f67724d20, 0x0000029f67727748]
Event: 0.813 Thread 0x0000029f0239bfa0 1985       3       java.lang.invoke.InnerClassLambdaMetafactory::generateConstructor (154 bytes)
Event: 0.814 Thread 0x0000029f0239bfa0 nmethod 1985 0x0000029f67728710 code [0x0000029f677289e0, 0x0000029f677299c8]
Event: 0.814 Thread 0x0000029f0239bfa0 1986       3       java.lang.invoke.InnerClassLambdaMetafactory$ForwardingMethodGenerator::<init> (11 bytes)
Event: 0.814 Thread 0x0000029f0239bfa0 nmethod 1986 0x0000029f67729f10 code [0x0000029f6772a0c0, 0x0000029f6772a2c8]
Event: 0.814 Thread 0x0000029f0239bfa0 1987       3       java.lang.Module::allows (60 bytes)
Event: 0.814 Thread 0x0000029f0239bfa0 nmethod 1987 0x0000029f6772a390 code [0x0000029f6772a580, 0x0000029f6772abc8]
Event: 0.815 Thread 0x0000029f0239bfa0 1990   !   3       java.io.BufferedReader::readLine (327 bytes)
Event: 0.817 Thread 0x0000029f0239bfa0 nmethod 1990 0x0000029f6772ad10 code [0x0000029f6772b020, 0x0000029f6772c358]
Event: 0.817 Thread 0x0000029f0239bfa0 1996       3       java.lang.StringBuilder::append (8 bytes)
Event: 0.817 Thread 0x0000029f0239bfa0 nmethod 1996 0x0000029f6772ce10 code [0x0000029f6772cfa0, 0x0000029f6772d0e8]
Event: 0.817 Thread 0x0000029f0239bfa0 1994       3       java.util.ArrayDeque::peek (5 bytes)
Event: 0.817 Thread 0x0000029f0239bfa0 nmethod 1994 0x0000029f6772d190 code [0x0000029f6772d340, 0x0000029f6772d5b8]
Event: 0.817 Thread 0x0000029f0239bfa0 1995       3       java.util.ArrayDeque::peekFirst (12 bytes)
Event: 0.817 Thread 0x0000029f0239bfa0 nmethod 1995 0x0000029f6772d710 code [0x0000029f6772d8a0, 0x0000029f6772da38]
Event: 0.817 Thread 0x0000029f0239bfa0 1993       3       java.lang.StringLatin1::trim (76 bytes)
Event: 0.817 Thread 0x0000029f0239bfa0 nmethod 1993 0x0000029f6772db90 code [0x0000029f6772dd60, 0x0000029f6772e148]
Event: 0.817 Thread 0x0000029f0239bfa0 1992       3       java.lang.String::trim (35 bytes)
Event: 0.817 Thread 0x0000029f0239bfa0 nmethod 1992 0x0000029f6772e290 code [0x0000029f6772e460, 0x0000029f6772e758]

GC Heap History (4 events):
Event: 0.451 GC heap before
{Heap before GC invocations=0 (full 0):
 garbage-first heap   total 262144K, used 22528K [0x0000000701000000, 0x0000000800000000)
  region size 2048K, 11 young (22528K), 0 survivors (0K)
 Metaspace       used 6231K, committed 6464K, reserved 1114112K
  class space    used 716K, committed 832K, reserved 1048576K
}
Event: 0.455 GC heap after
{Heap after GC invocations=1 (full 0):
 garbage-first heap   total 262144K, used 6807K [0x0000000701000000, 0x0000000800000000)
  region size 2048K, 2 young (4096K), 2 survivors (4096K)
 Metaspace       used 6231K, committed 6464K, reserved 1114112K
  class space    used 716K, committed 832K, reserved 1048576K
}
Event: 0.727 GC heap before
{Heap before GC invocations=1 (full 0):
 garbage-first heap   total 262144K, used 31383K [0x0000000701000000, 0x0000000800000000)
  region size 2048K, 15 young (30720K), 2 survivors (4096K)
 Metaspace       used 12994K, committed 13248K, reserved 1114112K
  class space    used 1702K, committed 1792K, reserved 1048576K
}
Event: 0.730 GC heap after
{Heap after GC invocations=2 (full 0):
 garbage-first heap   total 262144K, used 8831K [0x0000000701000000, 0x0000000800000000)
  region size 2048K, 1 young (2048K), 1 survivors (2048K)
 Metaspace       used 12994K, committed 13248K, reserved 1114112K
  class space    used 1702K, committed 1792K, reserved 1048576K
}

Deoptimization events (20 events):
Event: 0.757 Thread 0x0000029f5f4bb130 Uncommon trap: trap_request=0xffffff45 fr.pc=0x0000029f6e922b2c relative=0x00000000000009ac
Event: 0.757 Thread 0x0000029f5f4bb130 Uncommon trap: reason=unstable_if action=reinterpret pc=0x0000029f6e922b2c method=jdk.internal.org.objectweb.asm.SymbolTable.put(Ljdk/internal/org/objectweb/asm/SymbolTable$Entry;)Ljdk/internal/org/objectweb/asm/SymbolTable$Entry; @ 13 c2
Event: 0.757 Thread 0x0000029f5f4bb130 DEOPT PACKING pc=0x0000029f6e922b2c sp=0x000000bcea8fccf0
Event: 0.757 Thread 0x0000029f5f4bb130 DEOPT UNPACKING pc=0x0000029f66e423a3 sp=0x000000bcea8fcc28 mode 2
Event: 0.797 Thread 0x0000029f074be480 Uncommon trap: trap_request=0xffffff45 fr.pc=0x0000029f6e8d4ff8 relative=0x00000000000003d8
Event: 0.797 Thread 0x0000029f074be480 Uncommon trap: reason=unstable_if action=reinterpret pc=0x0000029f6e8d4ff8 method=java.lang.StringLatin1.canEncode(I)Z @ 4 c2
Event: 0.797 Thread 0x0000029f074be480 DEOPT PACKING pc=0x0000029f6e8d4ff8 sp=0x000000bcec2fdcd0
Event: 0.797 Thread 0x0000029f074be480 DEOPT UNPACKING pc=0x0000029f66e423a3 sp=0x000000bcec2fdbf8 mode 2
Event: 0.797 Thread 0x0000029f074be480 Uncommon trap: trap_request=0xffffff45 fr.pc=0x0000029f6e8d58e0 relative=0x00000000000003c0
Event: 0.797 Thread 0x0000029f074be480 Uncommon trap: reason=unstable_if action=reinterpret pc=0x0000029f6e8d58e0 method=java.lang.AbstractStringBuilder.isLatin1()Z @ 10 c2
Event: 0.797 Thread 0x0000029f074be480 DEOPT PACKING pc=0x0000029f6e8d58e0 sp=0x000000bcec2fdcf0
Event: 0.797 Thread 0x0000029f074be480 DEOPT UNPACKING pc=0x0000029f66e423a3 sp=0x000000bcec2fdc70 mode 2
Event: 0.798 Thread 0x0000029f074be480 Uncommon trap: trap_request=0xffffff45 fr.pc=0x0000029f6e8c765c relative=0x000000000000005c
Event: 0.798 Thread 0x0000029f074be480 Uncommon trap: reason=unstable_if action=reinterpret pc=0x0000029f6e8c765c method=java.lang.String.isLatin1()Z @ 10 c2
Event: 0.798 Thread 0x0000029f074be480 DEOPT PACKING pc=0x0000029f6e8c765c sp=0x000000bcec2fd960
Event: 0.798 Thread 0x0000029f074be480 DEOPT UNPACKING pc=0x0000029f66e423a3 sp=0x000000bcec2fd8f0 mode 2
Event: 0.798 Thread 0x0000029f074be480 Uncommon trap: trap_request=0xffffff45 fr.pc=0x0000029f6e905e48 relative=0x0000000000000048
Event: 0.798 Thread 0x0000029f074be480 Uncommon trap: reason=unstable_if action=reinterpret pc=0x0000029f6e905e48 method=java.lang.CharacterData.of(I)Ljava/lang/CharacterData; @ 4 c2
Event: 0.798 Thread 0x0000029f074be480 DEOPT PACKING pc=0x0000029f6e905e48 sp=0x000000bcec2fd430
Event: 0.798 Thread 0x0000029f074be480 DEOPT UNPACKING pc=0x0000029f66e423a3 sp=0x000000bcec2fd3d0 mode 2

Classes loaded (20 events):
Event: 0.770 Loading class java/io/InvalidObjectException
Event: 0.770 Loading class java/io/InvalidObjectException done
Event: 0.771 Loading class java/util/concurrent/ConcurrentLinkedQueue
Event: 0.771 Loading class java/util/concurrent/ConcurrentLinkedQueue done
Event: 0.771 Loading class java/util/concurrent/ConcurrentLinkedQueue$Node
Event: 0.771 Loading class java/util/concurrent/ConcurrentLinkedQueue$Node done
Event: 0.772 Loading class java/util/concurrent/atomic/AtomicLongArray
Event: 0.773 Loading class java/util/concurrent/atomic/AtomicLongArray done
Event: 0.773 Loading class java/lang/invoke/VarHandleLongs$Array
Event: 0.773 Loading class java/lang/invoke/VarHandleLongs$Array done
Event: 0.773 Loading class java/util/concurrent/atomic/AtomicReferenceArray
Event: 0.773 Loading class java/util/concurrent/atomic/AtomicReferenceArray done
Event: 0.779 Loading class jdk/internal/module/ModulePatcher$PatchedModuleReader
Event: 0.779 Loading class jdk/internal/module/ModulePatcher$PatchedModuleReader done
Event: 0.795 Loading class sun/text/resources/cldr/FormatData_en
Event: 0.796 Loading class sun/text/resources/cldr/FormatData_en done
Event: 0.796 Loading class sun/text/resources/cldr/FormatData_en_US
Event: 0.796 Loading class sun/text/resources/cldr/FormatData_en_US done
Event: 0.810 Loading class java/io/CharArrayReader
Event: 0.810 Loading class java/io/CharArrayReader done

Classes unloaded (0 events):
No events

Classes redefined (0 events):
No events

Internal exceptions (20 events):
Event: 0.494 Thread 0x0000029f5f4bb130 Exception <a 'java/lang/NoSuchMethodError'{0x0000000710c32ce0}: 'int java.lang.invoke.DirectMethodHandle$Holder.invokeVirtual(java.lang.Object, java.lang.Object)'> (0x0000000710c32ce0) 
thrown [s\open\src\hotspot\share\interpreter\linkResolver.cpp, line 766]
Event: 0.506 Thread 0x0000029f5f4bb130 Exception <a 'java/lang/NoSuchMethodError'{0x0000000710ce51d8}: 'java.lang.Object java.lang.invoke.DirectMethodHandle$Holder.invokeSpecial(java.lang.Object, java.lang.Object, java.lang.Object, int, java.lang.Object)'> (0x0000000710ce51d8) 
thrown [s\open\src\hotspot\share\interpreter\linkResolver.cpp, line 766]
Event: 0.506 Thread 0x0000029f5f4bb130 Exception <a 'java/lang/NoSuchMethodError'{0x0000000710ced838}: 'java.lang.Object java.lang.invoke.DirectMethodHandle$Holder.newInvokeSpecial(java.lang.Object, java.lang.Object, java.lang.Object, int, java.lang.Object)'> (0x0000000710ced838) 
thrown [s\open\src\hotspot\share\interpreter\linkResolver.cpp, line 766]
Event: 0.506 Thread 0x0000029f5f4bb130 Exception <a 'java/lang/NoSuchMethodError'{0x0000000710cf5218}: 'java.lang.Object java.lang.invoke.Invokers$Holder.linkToTargetMethod(java.lang.Object, java.lang.Object, int, java.lang.Object, java.lang.Object)'> (0x0000000710cf5218) 
thrown [s\open\src\hotspot\share\interpreter\linkResolver.cpp, line 766]
Event: 0.507 Thread 0x0000029f5f4bb130 Exception <a 'java/lang/NoSuchMethodError'{0x0000000710d03c00}: 'java.lang.Object java.lang.invoke.DirectMethodHandle$Holder.newInvokeSpecial(java.lang.Object, int, java.lang.Object)'> (0x0000000710d03c00) 
thrown [s\open\src\hotspot\share\interpreter\linkResolver.cpp, line 766]
Event: 0.507 Thread 0x0000029f5f4bb130 Exception <a 'java/lang/NoSuchMethodError'{0x0000000710d08978}: 'int java.lang.invoke.DirectMethodHandle$Holder.invokeSpecialIFC(java.lang.Object, java.lang.Object, java.lang.Object, java.lang.Object)'> (0x0000000710d08978) 
thrown [s\open\src\hotspot\share\interpreter\linkResolver.cpp, line 766]
Event: 0.519 Thread 0x0000029f5f4bb130 Exception <a 'java/lang/NoSuchMethodError'{0x0000000710dc87d8}: 'void java.lang.invoke.DirectMethodHandle$Holder.invokeInterface(java.lang.Object, java.lang.Object, java.lang.Object)'> (0x0000000710dc87d8) 
thrown [s\open\src\hotspot\share\interpreter\linkResolver.cpp, line 766]
Event: 0.529 Thread 0x0000029f5f4bb130 Exception <a 'java/lang/NoSuchMethodError'{0x0000000710a38dd0}: 'void java.lang.invoke.DirectMethodHandle$Holder.invokeStaticInit(java.lang.Object, java.lang.Object)'> (0x0000000710a38dd0) 
thrown [s\open\src\hotspot\share\interpreter\linkResolver.cpp, line 766]
Event: 0.530 Thread 0x0000029f5f4bb130 Exception <a 'java/lang/NoSuchMethodError'{0x0000000710a44fc8}: 'void java.lang.invoke.DirectMethodHandle$Holder.invokeStaticInit(java.lang.Object, java.lang.Object, java.lang.Object)'> (0x0000000710a44fc8) 
thrown [s\open\src\hotspot\share\interpreter\linkResolver.cpp, line 766]
Event: 0.533 Thread 0x0000029f5f4bb130 Exception <a 'java/lang/NoSuchMethodError'{0x0000000710a81ff8}: 'java.lang.Object java.lang.invoke.DirectMethodHandle$Holder.invokeStatic(java.lang.Object, java.lang.Object, long, java.lang.Object)'> (0x0000000710a81ff8) 
thrown [s\open\src\hotspot\share\interpreter\linkResolver.cpp, line 766]
Event: 0.533 Thread 0x0000029f5f4bb130 Exception <a 'java/lang/NoSuchMethodError'{0x0000000710a85a88}: 'java.lang.Object java.lang.invoke.DirectMethodHandle$Holder.invokeStaticInit(java.lang.Object, java.lang.Object, long, java.lang.Object)'> (0x0000000710a85a88) 
thrown [s\open\src\hotspot\share\interpreter\linkResolver.cpp, line 766]
Event: 0.533 Thread 0x0000029f5f4bb130 Exception <a 'java/lang/NoSuchMethodError'{0x0000000710a8c1c8}: 'java.lang.Object java.lang.invoke.DirectMethodHandle$Holder.newInvokeSpecial(java.lang.Object, java.lang.Object, long)'> (0x0000000710a8c1c8) 
thrown [s\open\src\hotspot\share\interpreter\linkResolver.cpp, line 766]
Event: 0.534 Thread 0x0000029f5f4bb130 Exception <a 'java/lang/NoSuchMethodError'{0x0000000710a8fd40}: 'java.lang.Object java.lang.invoke.Invokers$Holder.linkToTargetMethod(java.lang.Object, long, java.lang.Object)'> (0x0000000710a8fd40) 
thrown [s\open\src\hotspot\share\interpreter\linkResolver.cpp, line 766]
Event: 0.539 Thread 0x0000029f5f4bb130 Exception <a 'java/lang/NoSuchMethodError'{0x0000000710acd730}: 'void java.lang.invoke.DirectMethodHandle$Holder.invokeVirtual(java.lang.Object, java.lang.Object, java.lang.Object, java.lang.Object)'> (0x0000000710acd730) 
thrown [s\open\src\hotspot\share\interpreter\linkResolver.cpp, line 766]
Event: 0.561 Thread 0x0000029f5f4bb130 Exception <a 'java/lang/NoSuchMethodError'{0x0000000710806ed0}: 'void java.lang.invoke.DirectMethodHandle$Holder.invokeSpecial(java.lang.Object, java.lang.Object, java.lang.Object)'> (0x0000000710806ed0) 
thrown [s\open\src\hotspot\share\interpreter\linkResolver.cpp, line 766]
Event: 0.561 Thread 0x0000029f5f4bb130 Exception <a 'java/lang/NoSuchMethodError'{0x000000071080d4b8}: 'void java.lang.invoke.DirectMethodHandle$Holder.invokeSpecial(java.lang.Object, java.lang.Object, java.lang.Object, java.lang.Object, java.lang.Object)'> (0x000000071080d4b8) 
thrown [s\open\src\hotspot\share\interpreter\linkResolver.cpp, line 766]
Event: 0.564 Thread 0x0000029f5f4bb130 Exception <a 'java/lang/IncompatibleClassChangeError'{0x000000071083b518}: Found class java.lang.Object, but interface was expected> (0x000000071083b518) 
thrown [s\open\src\hotspot\share\interpreter\linkResolver.cpp, line 833]
Event: 0.631 Thread 0x0000029f5f4bb130 Exception <a 'java/lang/NoSuchMethodError'{0x00000007100c9aa8}: 'int java.lang.invoke.Invokers$Holder.invokeExact_MT(java.lang.Object, java.lang.Object)'> (0x00000007100c9aa8) 
thrown [s\open\src\hotspot\share\interpreter\linkResolver.cpp, line 766]
Event: 0.721 Thread 0x0000029f5f4bb130 Exception <a 'java/lang/NoSuchMethodError'{0x000000070f343ac0}: 'int java.lang.invoke.DirectMethodHandle$Holder.invokeSpecial(java.lang.Object, java.lang.Object, java.lang.Object, java.lang.Object, java.lang.Object)'> (0x000000070f343ac0) 
thrown [s\open\src\hotspot\share\interpreter\linkResolver.cpp, line 766]
Event: 0.723 Thread 0x0000029f5f4bb130 Exception <a 'java/lang/NoSuchMethodError'{0x000000070f34ca38}: 'void java.lang.invoke.DirectMethodHandle$Holder.invokeVirtual(java.lang.Object, java.lang.Object)'> (0x000000070f34ca38) 
thrown [s\open\src\hotspot\share\interpreter\linkResolver.cpp, line 766]

VM Operations (20 events):
Event: 0.367 Executing VM operation: HandshakeAllThreads
Event: 0.367 Executing VM operation: HandshakeAllThreads done
Event: 0.451 Executing VM operation: G1CollectForAllocation
Event: 0.455 Executing VM operation: G1CollectForAllocation done
Event: 0.492 Executing VM operation: HandshakeAllThreads
Event: 0.492 Executing VM operation: HandshakeAllThreads done
Event: 0.559 Executing VM operation: HandshakeAllThreads
Event: 0.559 Executing VM operation: HandshakeAllThreads done
Event: 0.559 Executing VM operation: HandshakeAllThreads
Event: 0.559 Executing VM operation: HandshakeAllThreads done
Event: 0.661 Executing VM operation: ICBufferFull
Event: 0.661 Executing VM operation: ICBufferFull done
Event: 0.703 Executing VM operation: HandshakeAllThreads
Event: 0.703 Executing VM operation: HandshakeAllThreads done
Event: 0.712 Executing VM operation: HandshakeAllThreads
Event: 0.712 Executing VM operation: HandshakeAllThreads done
Event: 0.727 Executing VM operation: G1CollectForAllocation
Event: 0.730 Executing VM operation: G1CollectForAllocation done
Event: 0.798 Executing VM operation: HandshakeAllThreads
Event: 0.798 Executing VM operation: HandshakeAllThreads done

Events (20 events):
Event: 0.024 Thread 0x0000029f02394af0 Thread added: 0x0000029f02394af0
Event: 0.024 Thread 0x0000029f02396fc0 Thread added: 0x0000029f02396fc0
Event: 0.024 Thread 0x0000029f02397480 Thread added: 0x0000029f02397480
Event: 0.024 Thread 0x0000029f0239a0f0 Thread added: 0x0000029f0239a0f0
Event: 0.024 Thread 0x0000029f0239b080 Thread added: 0x0000029f0239b080
Event: 0.024 Thread 0x0000029f0239bfa0 Thread added: 0x0000029f0239bfa0
Event: 0.024 Thread 0x0000029f023a9990 Thread added: 0x0000029f023a9990
Event: 0.066 Thread 0x0000029f02366930 Thread added: 0x0000029f02366930
Event: 0.079 Loaded shared library C:\Program Files\Java\jdk-18.0.1.1\bin\zip.dll
Event: 0.081 Loaded shared library C:\Program Files\Java\jdk-18.0.1.1\bin\instrument.dll
Event: 0.084 Loaded shared library C:\Program Files\Java\jdk-18.0.1.1\bin\net.dll
Event: 0.085 Loaded shared library C:\Program Files\Java\jdk-18.0.1.1\bin\nio.dll
Event: 0.087 Loaded shared library C:\Program Files\Java\jdk-18.0.1.1\bin\zip.dll
Event: 0.102 Thread 0x0000029f069989e0 Thread added: 0x0000029f069989e0
Event: 0.147 Loaded shared library C:\Program Files\JetBrains\IntelliJ IDEA Community Edition 2022.3.2\bin\breakgen64.dll
Event: 0.147 Thread 0x0000029f06a17e10 Thread added: 0x0000029f06a17e10
Event: 0.148 Thread 0x0000029f06a9fb10 Thread added: 0x0000029f06a9fb10
Event: 0.172 Loaded shared library C:\Program Files\Java\jdk-18.0.1.1\bin\jimage.dll
Event: 0.563 Thread 0x0000029f074be480 Thread added: 0x0000029f074be480
Event: 0.612 Loaded shared library C:\Program Files\Java\jdk-18.0.1.1\bin\verify.dll


Dynamic libraries:
0x00007ff698d60000 - 0x00007ff698d70000 	C:\Program Files\Java\jdk-18.0.1.1\bin\java.exe
0x00007ffb95b30000 - 0x00007ffb95d28000 	C:\WINDOWS\SYSTEM32\ntdll.dll
0x00007ffb941b0000 - 0x00007ffb9426f000 	C:\WINDOWS\System32\KERNEL32.DLL
0x00007ffb93350000 - 0x00007ffb93646000 	C:\WINDOWS\System32\KERNELBASE.dll
0x00007ffb939c0000 - 0x00007ffb93ac0000 	C:\WINDOWS\System32\ucrtbase.dll
0x00007ffb8e560000 - 0x00007ffb8e57a000 	C:\Program Files\Java\jdk-18.0.1.1\bin\VCRUNTIME140.dll
0x00007ffb8e580000 - 0x00007ffb8e598000 	C:\Program Files\Java\jdk-18.0.1.1\bin\jli.dll
0x00007ffb93d90000 - 0x00007ffb93e3f000 	C:\WINDOWS\System32\ADVAPI32.dll
0x00007ffb95950000 - 0x00007ffb959ee000 	C:\WINDOWS\System32\msvcrt.dll
0x00007ffb94be0000 - 0x00007ffb94c7c000 	C:\WINDOWS\System32\sechost.dll
0x00007ffb94270000 - 0x00007ffb94396000 	C:\WINDOWS\System32\RPCRT4.dll
0x00007ffb93bf0000 - 0x00007ffb93d8d000 	C:\WINDOWS\System32\USER32.dll
0x00007ffb93b60000 - 0x00007ffb93b82000 	C:\WINDOWS\System32\win32u.dll
0x00007ffb82c80000 - 0x00007ffb82f1a000 	C:\WINDOWS\WinSxS\amd64_microsoft.windows.common-controls_6595b64144ccf1df_6.0.19041.1110_none_60b5254171f9507e\COMCTL32.dll
0x00007ffb944c0000 - 0x00007ffb944ec000 	C:\WINDOWS\System32\GDI32.dll
0x00007ffb937b0000 - 0x00007ffb938c5000 	C:\WINDOWS\System32\gdi32full.dll
0x00007ffb938d0000 - 0x00007ffb9396d000 	C:\WINDOWS\System32\msvcp_win.dll
0x00007ffb8da70000 - 0x00007ffb8da7a000 	C:\WINDOWS\SYSTEM32\VERSION.dll
0x00007ffb95ac0000 - 0x00007ffb95af0000 	C:\WINDOWS\System32\IMM32.DLL
0x00007ffb8e400000 - 0x00007ffb8e40c000 	C:\Program Files\Java\jdk-18.0.1.1\bin\vcruntime140_1.dll
0x00007ffb8c730000 - 0x00007ffb8c7bd000 	C:\Program Files\Java\jdk-18.0.1.1\bin\msvcp140.dll
0x00007ffb582c0000 - 0x00007ffb58ed0000 	C:\Program Files\Java\jdk-18.0.1.1\bin\server\jvm.dll
0x00007ffb941a0000 - 0x00007ffb941a8000 	C:\WINDOWS\System32\PSAPI.DLL
0x00007ffb89db0000 - 0x00007ffb89dd7000 	C:\WINDOWS\SYSTEM32\WINMM.dll
0x00007ffb82c70000 - 0x00007ffb82c79000 	C:\WINDOWS\SYSTEM32\WSOCK32.dll
0x00007ffb944f0000 - 0x00007ffb9455b000 	C:\WINDOWS\System32\WS2_32.dll
0x00007ffb910f0000 - 0x00007ffb91102000 	C:\WINDOWS\SYSTEM32\kernel.appcore.dll
0x00007ffb8e3f0000 - 0x00007ffb8e3fa000 	C:\Program Files\Java\jdk-18.0.1.1\bin\jimage.dll
0x00007ffb82790000 - 0x00007ffb82974000 	C:\WINDOWS\SYSTEM32\DBGHELP.DLL
0x00007ffb81b00000 - 0x00007ffb81b34000 	C:\WINDOWS\SYSTEM32\dbgcore.DLL
0x00007ffb93210000 - 0x00007ffb93292000 	C:\WINDOWS\System32\bcryptPrimitives.dll
0x00007ffb8cbf0000 - 0x00007ffb8cbfe000 	C:\Program Files\Java\jdk-18.0.1.1\bin\instrument.dll
0x00007ffb8cd90000 - 0x00007ffb8cdb5000 	C:\Program Files\Java\jdk-18.0.1.1\bin\java.dll
0x00007ffb8c650000 - 0x00007ffb8c726000 	C:\Program Files\Java\jdk-18.0.1.1\bin\jsvml.dll
0x00007ffb94ce0000 - 0x00007ffb95424000 	C:\WINDOWS\System32\SHELL32.dll
0x00007ffb912f0000 - 0x00007ffb91a83000 	C:\WINDOWS\SYSTEM32\windows.storage.dll
0x00007ffb93e40000 - 0x00007ffb94194000 	C:\WINDOWS\System32\combase.dll
0x00007ffb92c00000 - 0x00007ffb92c2e000 	C:\WINDOWS\SYSTEM32\Wldp.dll
0x00007ffb94a10000 - 0x00007ffb94abd000 	C:\WINDOWS\System32\SHCORE.dll
0x00007ffb94800000 - 0x00007ffb94855000 	C:\WINDOWS\System32\shlwapi.dll
0x00007ffb93150000 - 0x00007ffb9316f000 	C:\WINDOWS\SYSTEM32\profapi.dll
0x00007ffb8cd50000 - 0x00007ffb8cd68000 	C:\Program Files\Java\jdk-18.0.1.1\bin\zip.dll
0x00007ffb8cdf0000 - 0x00007ffb8ce03000 	C:\Program Files\Java\jdk-18.0.1.1\bin\net.dll
0x00007ffb897b0000 - 0x00007ffb898ba000 	C:\WINDOWS\SYSTEM32\WINHTTP.dll
0x00007ffb928f0000 - 0x00007ffb9295a000 	C:\WINDOWS\system32\mswsock.dll
0x00007ffb8cd70000 - 0x00007ffb8cd86000 	C:\Program Files\Java\jdk-18.0.1.1\bin\nio.dll
0x00007ffb8c5e0000 - 0x00007ffb8c5fa000 	C:\Program Files\JetBrains\IntelliJ IDEA Community Edition 2022.3.2\bin\breakgen64.dll
0x00007ffb8cc40000 - 0x00007ffb8cc50000 	C:\Program Files\Java\jdk-18.0.1.1\bin\verify.dll

dbghelp: loaded successfully - version: 4.0.5 - missing functions: none
symbol engine: initialized successfully - sym options: 0x614 - pdb path: .;C:\Program Files\Java\jdk-18.0.1.1\bin;C:\WINDOWS\SYSTEM32;C:\WINDOWS\WinSxS\amd64_microsoft.windows.common-controls_6595b64144ccf1df_6.0.19041.1110_none_60b5254171f9507e;C:\Program Files\Java\jdk-18.0.1.1\bin\server;C:\Program Files\JetBrains\IntelliJ IDEA Community Edition 2022.3.2\bin

VM Arguments:
jvm_args: -javaagent:C:\Program Files\JetBrains\IntelliJ IDEA Community Edition 2022.3.2\lib\idea_rt.jar=12523:C:\Program Files\JetBrains\IntelliJ IDEA Community Edition 2022.3.2\bin -Dfile.encoding=UTF-8 -Dsun.stdout.encoding=UTF-8 -Dsun.stderr.encoding=UTF-8 
java_command: ru.matyasov.app.accounting.AccountingApplication
java_class_path (initial): C:\Users\home\IdeaProjects\accounting\target\classes;C:\Users\home\.m2\repository\org\springframework\boot\spring-boot-starter-data-jpa\3.0.5\spring-boot-starter-data-jpa-3.0.5.jar;C:\Users\home\.m2\repository\org\springframework\boot\spring-boot-starter-aop\3.0.5\spring-boot-starter-aop-3.0.5.jar;C:\Users\home\.m2\repository\org\springframework\spring-aop\6.0.7\spring-aop-6.0.7.jar;C:\Users\home\.m2\repository\org\aspectj\aspectjweaver\1.9.19\aspectjweaver-1.9.19.jar;C:\Users\home\.m2\repository\org\hibernate\orm\hibernate-core\6.1.7.Final\hibernate-core-6.1.7.Final.jar;C:\Users\home\.m2\repository\jakarta\persistence\jakarta.persistence-api\3.1.0\jakarta.persistence-api-3.1.0.jar;C:\Users\home\.m2\repository\jakarta\transaction\jakarta.transaction-api\2.0.1\jakarta.transaction-api-2.0.1.jar;C:\Users\home\.m2\repository\org\jboss\logging\jboss-logging\3.5.0.Final\jboss-logging-3.5.0.Final.jar;C:\Users\home\.m2\repository\org\hibernate\common\hibernate-commons-annotations\6.0.6.Final\hibernate-commons-annotations-6.0.6.Final.jar;C:\Users\home\.m2\repository\org\jboss\jandex\2.4.2.Final\jandex-2.4.2.Final.jar;C:\Users\home\.m2\repository\com\fasterxml\classmate\1.5.1\classmate-1.5.1.jar;C:\Users\home\.m2\repository\org\glassfish\jaxb\jaxb-runtime\4.0.2\jaxb-runtime-4.0.2.jar;C:\Users\home\.m2\repository\org\glassfish\jaxb\jaxb-core\4.0.2\jaxb-core-4.0.2.jar;C:\Users\home\.m2\repository\org\eclipse\angus\angus-activation\2.0.0\angus-activation-2.0.0.jar;C:\Users\home\.m2\repository\org\glassfish\jaxb\txw2\4.0.2\txw2-4.0.2.jar;C:\Users\home\.m2\repository\com\sun\istack\istack-commons-runtime\4.1.1\istack-commons-runtime-4.1.1.jar;C:\Users\home\.m2\repository\jakarta\inject\jakarta.inject-api\2.0.0\jakarta.inject-api-2.0.0.jar;C:\Users\home\.m2\repository\org\antlr\antlr4-runtime\4.10.1\antlr4-runtime-4.10.1.jar;C:\Users\home\.m2\repository\org\springframework\data\spring-data-jpa\3.0.4\spring-data-jpa-3.0.4.jar;C:\Users\home\.m2\repository\org\springframework\data\spring-data-commons\3.0.4\spring-data-commons-3.0.4.jar;C:\Users\home\.m2\repository\org\springframework\spring-orm\6.0.7\spring-orm-6.0.7.jar;C:\Users\home\.m2\repository\org\springframework\spring-context\6.0.7\spring-context-6.0.7.jar;C:\Users\home\.m2\repository\org\springframework\spring-tx\6.0.7\spring-tx-6.0.7.jar;C:\Users\home\.m2\repository\org\springframework\spring-beans\6.0.7\spring-beans-6.0.7.jar;C:\Users\home\.m2\repository\jakarta\annotation\jakarta.annotation-api\2.1.1\jakarta.annotation-api-2.1.1.jar;C:\Users\home\.m2\repository\org\slf4j\slf4j-api\2.0.7\slf4j-api-2.0.7.jar;C:\Users\home\.m2\repository\org\springframework\spring-aspects\6.0.7\spring-aspects-6.0.7.jar;C:\Users\home\.m2\repository\org\springframework\boot\spring-boot-starter-jdbc\3.0.5\spring-boot-starter-jdbc-3.0.5.jar;C:\Users\home\.m2\repository\org\springframework\boot\spring-boot-starter\3.0.5\spring-boot-starter-3.0.5.jar;C:\Users\home\.m2\repository\org\springframework\boot\spring-boot\3.0.5\spring-boot-3.0.5.jar;C:\Users\home\.m2\repository\org\springframework\boot\spring-boot-autoconfigure\3.0.5\spring-boot-autoconfigure-3.0.5.jar;C:\Users\home\.m2\repository\org\springframework\boot\spring-boot-starter-logging\3.0.5\spring-boot-starter-logging-3.0.5.jar;C:\Users\home\.m2\repository\ch\qos\logback\logback-classic\1.4.6\logback-classic-1.4.6.jar;C:\Users\home\.m2\repository\ch\qos\logback\logback-core\1.4.6\logback-core-1.4.6.jar;C:\Users\home\.m2\repository\org\apache\logging\log4j\log4j-to-slf4j\2.19.0\log4j-to-slf4j-2.19.0.jar;C:\Users\home\.m2\repository\org\apache\logging\log4j\log4j-api\2.19.0\log4j-api-2.19.0.jar;C:\Users\home\.m2\repository\org\slf4j\jul-to-slf4j\2.0.7\jul-to-slf4j-2.0.7.jar;C:\Users\home\.m2\repository\org\yaml\snakeyaml\1.33\snakeyaml-1.33.jar;C:\Users\home\.m2\repository\com\zaxxer\HikariCP\5.0.1\HikariCP-5.0.1.jar;C:\Users\home\.m2\repository\org\springframework\spring-jdbc\6.0.7\spring-jdbc-6.0.7.jar;C:\Users\home\.m2\repository\org\springframework\boot\spring-boot-starter-validation\3.0.5\spring-boot-starter-validation-3.0.5.jar;C:\Users\home\.m2\repository\org\apache\tomcat\embed\tomcat-embed-el\10.1.7\tomcat-embed-el-10.1.7.jar;C:\Users\home\.m2\repository\org\hibernate\validator\hibernate-validator\8.0.0.Final\hibernate-validator-8.0.0.Final.jar;C:\Users\home\.m2\repository\jakarta\validation\jakarta.validation-api\3.0.2\jakarta.validation-api-3.0.2.jar;C:\Users\home\.m2\repository\org\springframework\boot\spring-boot-starter-web\3.0.5\spring-boot-starter-web-3.0.5.jar;C:\Users\home\.m2\repository\org\springframework\boot\spring-boot-starter-json\3.0.5\spring-boot-starter-json-3.0.5.jar;C:\Users\home\.m2\repository\com\fasterxml\jackson\core\jackson-databind\2.14.2\jackson-databind-2.14.2.jar;C:\Users\home\.m2\repository\com\fasterxml\jackson\core\jackson-annotations\2.14.2\jackson-annotations-2.14.2.jar;C:\Users\home\.m2\repository\com\fasterxml\jackson\core\jackson-core\2.14.2\jackson-core-2.14.2.jar;C:\Users\home\.m2\repository\com\fasterxml\jackson\datatype\jackson-datatype-jdk8\2.14.2\jackson-datatype-jdk8-2.14.2.jar;C:\Users\home\.m2\repository\com\fasterxml\jackson\datatype\jackson-datatype-jsr310\2.14.2\jackson-datatype-jsr310-2.14.2.jar;C:\Users\home\.m2\repository\com\fasterxml\jackson\module\jackson-module-parameter-names\2.14.2\jackson-module-parameter-names-2.14.2.jar;C:\Users\home\.m2\repository\org\springframework\boot\spring-boot-starter-tomcat\3.0.5\spring-boot-starter-tomcat-3.0.5.jar;C:\Users\home\.m2\repository\org\apache\tomcat\embed\tomcat-embed-core\10.1.7\tomcat-embed-core-10.1.7.jar;C:\Users\home\.m2\repository\org\apache\tomcat\embed\tomcat-embed-websocket\10.1.7\tomcat-embed-websocket-10.1.7.jar;C:\Users\home\.m2\repository\org\springframework\spring-web\6.0.7\spring-web-6.0.7.jar;C:\Users\home\.m2\repository\io\micrometer\micrometer-observation\1.10.5\micrometer-observation-1.10.5.jar;C:\Users\home\.m2\repository\io\micrometer\micrometer-commons\1.10.5\micrometer-commons-1.10.5.jar;C:\Users\home\.m2\repository\org\springframework\spring-webmvc\6.0.7\spring-webmvc-6.0.7.jar;C:\Users\home\.m2\repository\org\springframework\spring-expression\6.0.7\spring-expression-6.0.7.jar;C:\Users\home\.m2\repository\org\postgresql\postgresql\42.5.4\postgresql-42.5.4.jar;C:\Users\home\.m2\repository\org\checkerframework\checker-qual\3.5.0\checker-qual-3.5.0.jar;C:\Users\home\.m2\repository\org\projectlombok\lombok\1.18.26\lombok-1.18.26.jar;C:\Users\home\.m2\repository\jakarta\xml\bind\jakarta.xml.bind-api\4.0.0\jakarta.xml.bind-api-4.0.0.jar;C:\Users\home\.m2\repository\jakarta\activation\jakarta.activation-api\2.1.1\jakarta.activation-api-2.1.1.jar;C:\Users\home\.m2\repository\org\springframework\spring-core\6.0.7\spring-core-6.0.7.jar;C:\Users\home\.m2\repository\org\springframework\spring-jcl\6.0.7\spring-jcl-6.0.7.jar;C:\Users\home\.m2\repository\org\modelmapper\modelmapper\3.1.1\modelmapper-3.1.1.jar;C:\Users\home\.m2\repository\org\assertj\assertj-core\3.23.1\assertj-core-3.23.1.jar;C:\Users\home\.m2\repository\net\bytebuddy\byte-buddy\1.12.23\byte-buddy-1.12.23.jar
Launcher Type: SUN_STANDARD

[Global flags]
     intx CICompilerCount                          = 4                                         {product} {ergonomic}
     uint ConcGCThreads                            = 2                                         {product} {ergonomic}
     uint G1ConcRefinementThreads                  = 8                                         {product} {ergonomic}
   size_t G1HeapRegionSize                         = 2097152                                   {product} {ergonomic}
    uintx GCDrainStackTargetSize                   = 64                                        {product} {ergonomic}
   size_t InitialHeapSize                          = 268435456                                 {product} {ergonomic}
   size_t MarkStackSize                            = 4194304                                   {product} {ergonomic}
   size_t MaxHeapSize                              = 4278190080                                {product} {ergonomic}
   size_t MaxNewSize                               = 2566914048                                {product} {ergonomic}
   size_t MinHeapDeltaBytes                        = 2097152                                   {product} {ergonomic}
   size_t MinHeapSize                              = 8388608                                   {product} {ergonomic}
    uintx NonNMethodCodeHeapSize                   = 5839372                                {pd product} {ergonomic}
    uintx NonProfiledCodeHeapSize                  = 122909434                              {pd product} {ergonomic}
    uintx ProfiledCodeHeapSize                     = 122909434                              {pd product} {ergonomic}
    uintx ReservedCodeCacheSize                    = 251658240                              {pd product} {ergonomic}
     bool SegmentedCodeCache                       = true                                      {product} {ergonomic}
   size_t SoftMaxHeapSize                          = 4278190080                             {manageable} {ergonomic}
     bool UseCompressedClassPointers               = true                           {product lp64_product} {ergonomic}
     bool UseCompressedOops                        = true                           {product lp64_product} {ergonomic}
     bool UseG1GC                                  = true                                      {product} {ergonomic}
     bool UseLargePagesIndividualAllocation        = false                                  {pd product} {ergonomic}

Logging:
Log output configuration:
 #0: stdout all=warning uptime,level,tags foldmultilines=false
 #1: stderr all=off uptime,level,tags foldmultilines=false

Environment Variables:
JAVA_HOME=C:\Program Files\Java\jdk-18.0.1.1\
PATH=C:\Program Files\Common Files\Oracle\Java\javapath;C:\Program Files (x86)\Common Files\Oracle\Java\javapath;C:\ProgramData\Oracle\Java\javapath;C:\Program Files (x86)\PC Connectivity Solution\;C:\WINDOWS\system32;C:\WINDOWS;C:\WINDOWS\System32\Wbem;C:\WINDOWS\System32\WindowsPowerShell\v1.0\;C:\WINDOWS\System32\OpenSSH\;C:\Program Files (x86)\ATI Technologies\ATI.ACE\Core-Static;C:\Program Files (x86)\AMD\ATI.ACE\Core-Static;C:\Program Files (x86)\Common Files\Acronis\SnapAPI\;C:\Program Files\Git\cmd;C:\Program Files\Java\jdk-18.0.1.1\\bin;C:\Users\home\AppData\Roaming\nvm;C:\Program Files\nodejs;C:\Program Files\gs\gs10.00.0\bin;C:\Users\home\AppData\Local\Microsoft\WindowsApps;C:\Users\home\AppData\Local\Programs\Microsoft VS Code\bin;C:\Users\home\AppData\Roaming\nvm;C:\Program Files\nodejs;C:\Users\home\AppData\Roaming\nvm\v18.14.0;
USERNAME=home
OS=Windows_NT
PROCESSOR_IDENTIFIER=AMD64 Family 23 Model 113 Stepping 0, AuthenticAMD



---------------  S Y S T E M  ---------------

OS:
 Windows 10 , 64 bit Build 19041 (10.0.19041.2913)
OS uptime: 4 days 1:06 hours

CPU: total 8 (initial active 8) (8 cores per cpu, 2 threads per core) family 23 model 113 stepping 0 microcode 0x0, cx8, cmov, fxsr, ht, mmx, 3dnowpref, sse, sse2, sse3, ssse3, sse4a, sse4.1, sse4.2, popcnt, lzcnt, tsc, tscinvbit, avx, avx2, aes, clmul, bmi1, bmi2, adx, sha, fma, vzeroupper, clflush, clflushopt

Memory: 4k page, system-wide physical 16315M (3120M free)
TotalPageFile size 30523M (AvailPageFile size 4M)
current process WorkingSet (physical memory assigned to process): 114M, peak: 114M
current process commit charge ("private bytes"): 381M, peak: 381M

vm_info: Java HotSpot(TM) 64-Bit Server VM (18.0.1.1+2-6) for windows-amd64 JRE (18.0.1.1+2-6), built on Apr 25 2022 21:53:15 by "mach5one" with MS VC++ 16.8 / 16.9 (VS2019)

END.
