#
# There is insufficient memory for the Java Runtime Environment to continue.
# Native memory allocation (malloc) failed to allocate 670576 bytes for Chunk::new
# Possible reasons:
#   The system is out of physical RAM or swap space
#   The process is running with CompressedOops enabled, and the Java Heap may be blocking the growth of the native heap
# Possible solutions:
#   Reduce memory load on the system
#   Increase physical memory or swap space
#   Check if swap backing store is full
#   Decrease Java heap size (-Xmx/-Xms)
#   Decrease number of Java threads
#   Decrease Java thread stack sizes (-Xss)
#   Set larger code cache with -XX:ReservedCodeCacheSize=
#   JVM is running with Zero Based Compressed Oops mode in which the Java heap is
#     placed in the first 32GB address space. The Java Heap base address is the
#     maximum limit for the native heap growth. Please use -XX:HeapBaseMinAddress
#     to set the Java Heap base and to place the Java Heap above 32GB virtual address.
# This output file may be truncated or incomplete.
#
#  Out of Memory Error (arena.cpp:184), pid=21220, tid=10992
#
# JRE version: Java(TM) SE Runtime Environment (18.0.1.1+2) (build 18.0.1.1+2-6)
# Java VM: Java HotSpot(TM) 64-Bit Server VM (18.0.1.1+2-6, mixed mode, sharing, tiered, compressed oops, compressed class ptrs, g1 gc, windows-amd64)
# No core dump will be written. Minidumps are not enabled by default on client versions of Windows
#

---------------  S U M M A R Y ------------

Command Line: -javaagent:C:\Program Files\JetBrains\IntelliJ IDEA Community Edition 2022.3.2\lib\idea_rt.jar=7969:C:\Program Files\JetBrains\IntelliJ IDEA Community Edition 2022.3.2\bin -Dfile.encoding=UTF-8 -Dsun.stdout.encoding=UTF-8 -Dsun.stderr.encoding=UTF-8 ru.matyasov.app.accounting.AccountingApplication

Host: AMD Ryzen 3 3100 4-Core Processor              , 8 cores, 15G,  Windows 10 , 64 bit Build 19041 (10.0.19041.3155)
Time: Fri Aug  4 20:53:41 2023 RTZ 2 (s 10 , 64 bit Build 19041 (10.0.19041.3155) elapsed time: 4.136956 seconds (0d 0h 0m 4s)

---------------  T H R E A D  ---------------

Current thread (0x0000023e896d9170):  JavaThread "C2 CompilerThread2" daemon [_thread_in_native, id=10992, stack(0x000000e4e4500000,0x000000e4e4600000)]


Current CompileTask:
C2:   4137 4966   !   4       net.bytebuddy.utility.dispatcher.JavaDispatcher$ProxiedInvocationHandler::invoke (305 bytes)

Stack: [0x000000e4e4500000,0x000000e4e4600000]
Native frames: (J=compiled Java code, j=interpreted, Vv=VM code, C=native code)
V  [jvm.dll+0x69887a]
V  [jvm.dll+0x7f38bd]
V  [jvm.dll+0x7f51ce]
V  [jvm.dll+0x7f5883]
V  [jvm.dll+0x25ca3f]
V  [jvm.dll+0xb8c2f]
V  [jvm.dll+0xb8fa5]
V  [jvm.dll+0x385a6b]
V  [jvm.dll+0x34f811]
V  [jvm.dll+0x34ecaa]
V  [jvm.dll+0x22fc21]
V  [jvm.dll+0x22eff1]
V  [jvm.dll+0x1b9cfc]
V  [jvm.dll+0x23e8ca]
V  [jvm.dll+0x23cbb5]
V  [jvm.dll+0x7a5fb1]
V  [jvm.dll+0x7a03ea]
V  [jvm.dll+0x697725]
C  [ucrtbase.dll+0x21bb2]
C  [KERNEL32.DLL+0x17614]
C  [ntdll.dll+0x526b1]


---------------  P R O C E S S  ---------------

Threads class SMR info:
_java_thread_list=0x0000023e8a7ef410, length=20, elements={
0x0000023ee172c980, 0x0000023e8455b440, 0x0000023e8455c0a0, 0x0000023e84576980,
0x0000023e84577320, 0x0000023e84577cc0, 0x0000023e8457a670, 0x0000023e8457b480,
0x0000023e84585b70, 0x0000023e84592400, 0x0000023e84547c30, 0x0000023e88a484c0,
0x0000023e88913990, 0x0000023e88da1920, 0x0000023e8aa35860, 0x0000023e8aa383b0,
0x0000023e8aa34ec0, 0x0000023e8aa37ee0, 0x0000023e8aa35390, 0x0000023e896d9170
}

Java Threads: ( => current thread )
  0x0000023ee172c980 JavaThread "main" [_thread_in_Java, id=19484, stack(0x000000e4e2200000,0x000000e4e2300000)]
  0x0000023e8455b440 JavaThread "Reference Handler" daemon [_thread_blocked, id=14788, stack(0x000000e4e2900000,0x000000e4e2a00000)]
  0x0000023e8455c0a0 JavaThread "Finalizer" daemon [_thread_blocked, id=21848, stack(0x000000e4e2a00000,0x000000e4e2b00000)]
  0x0000023e84576980 JavaThread "Signal Dispatcher" daemon [_thread_blocked, id=10748, stack(0x000000e4e2b00000,0x000000e4e2c00000)]
  0x0000023e84577320 JavaThread "Attach Listener" daemon [_thread_blocked, id=2136, stack(0x000000e4e2c00000,0x000000e4e2d00000)]
  0x0000023e84577cc0 JavaThread "Service Thread" daemon [_thread_blocked, id=9920, stack(0x000000e4e2d00000,0x000000e4e2e00000)]
  0x0000023e8457a670 JavaThread "Monitor Deflation Thread" daemon [_thread_blocked, id=2532, stack(0x000000e4e2e00000,0x000000e4e2f00000)]
  0x0000023e8457b480 JavaThread "C2 CompilerThread0" daemon [_thread_in_native, id=19480, stack(0x000000e4e2f00000,0x000000e4e3000000)]
  0x0000023e84585b70 JavaThread "C1 CompilerThread0" daemon [_thread_in_vm, id=19496, stack(0x000000e4e3000000,0x000000e4e3100000)]
  0x0000023e84592400 JavaThread "Sweeper thread" daemon [_thread_blocked, id=9880, stack(0x000000e4e3100000,0x000000e4e3200000)]
  0x0000023e84547c30 JavaThread "Common-Cleaner" daemon [_thread_blocked, id=17516, stack(0x000000e4e3200000,0x000000e4e3300000)]
  0x0000023e88a484c0 JavaThread "Monitor Ctrl-Break" daemon [_thread_in_native, id=19540, stack(0x000000e4e3300000,0x000000e4e3400000)]
  0x0000023e88913990 JavaThread "Notification Thread" daemon [_thread_blocked, id=6004, stack(0x000000e4e3400000,0x000000e4e3500000)]
  0x0000023e88da1920 JavaThread "C2 CompilerThread1" daemon [_thread_in_native, id=10000, stack(0x000000e4e3600000,0x000000e4e3700000)]
  0x0000023e8aa35860 JavaThread "Catalina-utility-1" [_thread_blocked, id=22800, stack(0x000000e4e4000000,0x000000e4e4100000)]
  0x0000023e8aa383b0 JavaThread "Catalina-utility-2" [_thread_blocked, id=13080, stack(0x000000e4e4100000,0x000000e4e4200000)]
  0x0000023e8aa34ec0 JavaThread "container-0" [_thread_blocked, id=16952, stack(0x000000e4e4200000,0x000000e4e4300000)]
  0x0000023e8aa37ee0 JavaThread "HikariPool-1 housekeeper" daemon [_thread_blocked, id=8268, stack(0x000000e4e4300000,0x000000e4e4400000)]
  0x0000023e8aa35390 JavaThread "HikariPool-1 connection adder" daemon [_thread_blocked, id=22808, stack(0x000000e4e4400000,0x000000e4e4500000)]
=>0x0000023e896d9170 JavaThread "C2 CompilerThread2" daemon [_thread_in_native, id=10992, stack(0x000000e4e4500000,0x000000e4e4600000)]

Other Threads:
  0x0000023e84559450 VMThread "VM Thread" [stack: 0x000000e4e2800000,0x000000e4e2900000] [id=14208]
  0x0000023e88b71dd0 WatcherThread "VM Periodic Task Thread" [stack: 0x000000e4e3500000,0x000000e4e3600000] [id=7520]
  0x0000023ee179d040 WorkerThread "GC Thread#0" [stack: 0x000000e4e2300000,0x000000e4e2400000] [id=12224]
  0x0000023e893eaca0 WorkerThread "GC Thread#1" [stack: 0x000000e4e3700000,0x000000e4e3800000] [id=9704]
  0x0000023e8933b950 WorkerThread "GC Thread#2" [stack: 0x000000e4e3800000,0x000000e4e3900000] [id=14316]
  0x0000023e8933bbf0 WorkerThread "GC Thread#3" [stack: 0x000000e4e3900000,0x000000e4e3a00000] [id=13112]
  0x0000023e893a5b60 WorkerThread "GC Thread#4" [stack: 0x000000e4e3a00000,0x000000e4e3b00000] [id=5668]
  0x0000023e89087440 WorkerThread "GC Thread#5" [stack: 0x000000e4e3b00000,0x000000e4e3c00000] [id=8792]
  0x0000023e8967f3c0 WorkerThread "GC Thread#6" [stack: 0x000000e4e3d00000,0x000000e4e3e00000] [id=14080]
  0x0000023e896800e0 WorkerThread "GC Thread#7" [stack: 0x000000e4e3e00000,0x000000e4e3f00000] [id=9152]
  0x0000023ee17ade70 ConcurrentGCThread "G1 Main Marker" [stack: 0x000000e4e2400000,0x000000e4e2500000] [id=22788]
  0x0000023ee17ae860 WorkerThread "G1 Conc#0" [stack: 0x000000e4e2500000,0x000000e4e2600000] [id=9132]
  0x0000023e8967f660 WorkerThread "G1 Conc#1" [stack: 0x000000e4e3c00000,0x000000e4e3d00000] [id=8808]
  0x0000023ee17ee780 ConcurrentGCThread "G1 Refine#0" [stack: 0x000000e4e2600000,0x000000e4e2700000] [id=9428]
  0x0000023e84413270 ConcurrentGCThread "G1 Service" [stack: 0x000000e4e2700000,0x000000e4e2800000] [id=10832]

Threads with active compile tasks:
C2 CompilerThread0     4158 5039   !   4       net.bytebuddy.description.method.$Proxy75::getParameterCount (39 bytes)
C2 CompilerThread1     4158 4986       4       net.bytebuddy.description.method.ParameterList$ForLoadedExecutable::size (13 bytes)
C2 CompilerThread2     4158 4966   !   4       net.bytebuddy.utility.dispatcher.JavaDispatcher$ProxiedInvocationHandler::invoke (305 bytes)

VM state: not at safepoint (normal execution)

VM Mutex/Monitor currently owned by a thread: None

Heap address: 0x0000000701000000, size: 4080 MB, Compressed Oops mode: Zero based, Oop shift amount: 3

CDS archive(s) mapped at: [0x0000000800000000-0x0000000800ba0000-0x0000000800ba0000), size 12189696, SharedBaseAddress: 0x0000000800000000, ArchiveRelocationMode: 0.
Compressed class space mapped at: 0x0000000800c00000-0x0000000840c00000, reserved size: 1073741824
Narrow klass base: 0x0000000800000000, Narrow klass shift: 0, Narrow klass range: 0x100000000

GC Precious Log:
 CardTable entry size: 512
 Card Set container configuration: InlinePtr #cards 4 size 8 Array Of Cards #cards 16 size 48 Howl #buckets 8 coarsen threshold 3686 Howl Bitmap #cards 512 size 80 coarsen threshold 460 Card regions per heap region 1 cards per card region 4096
 CPUs: 8 total, 8 available
 Memory: 16315M
 Large Page Support: Disabled
 NUMA Support: Disabled
 Compressed Oops: Enabled (Zero based)
 Heap Region Size: 2M
 Heap Min Capacity: 8M
 Heap Initial Capacity: 256M
 Heap Max Capacity: 4080M
 Pre-touch: Disabled
 Parallel Workers: 8
 Concurrent Workers: 2
 Concurrent Refinement Workers: 8
 Periodic GC: Disabled

Heap:
 garbage-first heap   total 65536K, used 40788K [0x0000000701000000, 0x0000000800000000)
  region size 2048K, 13 young (26624K), 1 survivors (2048K)
 Metaspace       used 48313K, committed 48832K, reserved 1114112K
  class space    used 6469K, committed 6720K, reserved 1048576K

Heap Regions: E=young(eden), S=young(survivor), O=old, HS=humongous(starts), HC=humongous(continues), CS=collection set, F=free, OA=open archive, CA=closed archive, TAMS=top-at-mark-start (previous, next)
|   0|0x0000000701000000, 0x0000000701200000, 0x0000000701200000|100%| O|  |TAMS 0x0000000701200000, 0x0000000701000000| Untracked 
|   1|0x0000000701200000, 0x0000000701200000, 0x0000000701400000|  0%| F|  |TAMS 0x0000000701200000, 0x0000000701200000| Untracked 
|   2|0x0000000701400000, 0x0000000701600000, 0x0000000701600000|100%| O|  |TAMS 0x0000000701600000, 0x0000000701400000| Untracked 
|   3|0x0000000701600000, 0x0000000701800000, 0x0000000701800000|100%| O|  |TAMS 0x0000000701600000, 0x0000000701600000| Untracked 
|   4|0x0000000701800000, 0x0000000701a00000, 0x0000000701a00000|100%| O|  |TAMS 0x0000000701a00000, 0x0000000701800000| Untracked 
|   5|0x0000000701a00000, 0x0000000701c00000, 0x0000000701c00000|100%| O|  |TAMS 0x0000000701c00000, 0x0000000701a00000| Untracked 
|   6|0x0000000701c00000, 0x0000000701e00000, 0x0000000701e00000|100%| O|  |TAMS 0x0000000701e00000, 0x0000000701c00000| Untracked 
|   7|0x0000000701e00000, 0x0000000702000000, 0x0000000702000000|100%| O|  |TAMS 0x0000000702000000, 0x0000000701e00000| Untracked 
|   8|0x0000000702000000, 0x0000000702200000, 0x0000000702200000|100%| O|  |TAMS 0x0000000702200000, 0x0000000702000000| Untracked 
|   9|0x0000000702200000, 0x0000000702400000, 0x0000000702400000|100%| O|  |TAMS 0x000000070225ce00, 0x0000000702200000| Untracked 
|  10|0x0000000702400000, 0x0000000702560e00, 0x0000000702600000| 68%| O|  |TAMS 0x0000000702400000, 0x0000000702400000| Untracked 
|  11|0x0000000702600000, 0x0000000702600000, 0x0000000702800000|  0%| F|  |TAMS 0x0000000702600000, 0x0000000702600000| Untracked 
|  12|0x0000000702800000, 0x0000000702800000, 0x0000000702a00000|  0%| F|  |TAMS 0x0000000702800000, 0x0000000702800000| Untracked 
|  13|0x0000000702a00000, 0x0000000702a00000, 0x0000000702c00000|  0%| F|  |TAMS 0x0000000702a00000, 0x0000000702a00000| Untracked 
|  14|0x0000000702c00000, 0x0000000702c00000, 0x0000000702e00000|  0%| F|  |TAMS 0x0000000702c00000, 0x0000000702c00000| Untracked 
|  15|0x0000000702e00000, 0x0000000702e00000, 0x0000000703000000|  0%| F|  |TAMS 0x0000000702e00000, 0x0000000702e00000| Untracked 
|  16|0x0000000703000000, 0x0000000703000000, 0x0000000703200000|  0%| F|  |TAMS 0x0000000703000000, 0x0000000703000000| Untracked 
|  17|0x0000000703200000, 0x0000000703200000, 0x0000000703400000|  0%| F|  |TAMS 0x0000000703200000, 0x0000000703200000| Untracked 
|  18|0x0000000703400000, 0x0000000703400000, 0x0000000703600000|  0%| F|  |TAMS 0x0000000703400000, 0x0000000703400000| Untracked 
|  19|0x0000000703600000, 0x0000000703798f30, 0x0000000703800000| 79%| E|  |TAMS 0x0000000703600000, 0x0000000703600000| Complete 
|  20|0x0000000703800000, 0x0000000703a00000, 0x0000000703a00000|100%| E|CS|TAMS 0x0000000703800000, 0x0000000703800000| Complete 
|  21|0x0000000703a00000, 0x0000000703c00000, 0x0000000703c00000|100%| E|CS|TAMS 0x0000000703a00000, 0x0000000703a00000| Complete 
|  22|0x0000000703c00000, 0x0000000703e00000, 0x0000000703e00000|100%| E|CS|TAMS 0x0000000703c00000, 0x0000000703c00000| Complete 
|  23|0x0000000703e00000, 0x0000000704000000, 0x0000000704000000|100%| E|CS|TAMS 0x0000000703e00000, 0x0000000703e00000| Complete 
|  24|0x0000000704000000, 0x0000000704200000, 0x0000000704200000|100%| E|CS|TAMS 0x0000000704000000, 0x0000000704000000| Complete 
|  25|0x0000000704200000, 0x0000000704400000, 0x0000000704400000|100%| E|CS|TAMS 0x0000000704200000, 0x0000000704200000| Complete 
|  26|0x0000000704400000, 0x0000000704600000, 0x0000000704600000|100%| E|CS|TAMS 0x0000000704400000, 0x0000000704400000| Complete 
|  27|0x0000000704600000, 0x0000000704800000, 0x0000000704800000|100%| E|CS|TAMS 0x0000000704600000, 0x0000000704600000| Complete 
| 101|0x000000070da00000, 0x000000070dc00000, 0x000000070dc00000|100%| E|  |TAMS 0x000000070da00000, 0x000000070da00000| Complete 
| 102|0x000000070dc00000, 0x000000070de00000, 0x000000070de00000|100%| E|CS|TAMS 0x000000070dc00000, 0x000000070dc00000| Complete 
| 103|0x000000070de00000, 0x000000070de74210, 0x000000070e000000| 22%| S|CS|TAMS 0x000000070de00000, 0x000000070de00000| Complete 
| 127|0x0000000710e00000, 0x0000000711000000, 0x0000000711000000|100%| E|CS|TAMS 0x0000000710e00000, 0x0000000710e00000| Complete 

Card table byte_map: [0x0000023ef8b90000,0x0000023ef9390000] _byte_map_base: 0x0000023ef5388000

Marking Bits (Prev, Next): (CMBitMap*) 0x0000023ee179d640, (CMBitMap*) 0x0000023ee179d680
 Prev Bits: [0x0000023ef9b90000, 0x0000023efdb50000)
 Next Bits: [0x0000023e80000000, 0x0000023e83fc0000)

Polling page: 0x0000023edf660000

Metaspace:

Usage:
  Non-class:     40.86 MB used.
      Class:      6.32 MB used.
       Both:     47.18 MB used.

Virtual space:
  Non-class space:       64.00 MB reserved,      41.12 MB ( 64%) committed,  1 nodes.
      Class space:        1.00 GB reserved,       6.56 MB ( <1%) committed,  1 nodes.
             Both:        1.06 GB reserved,      47.69 MB (  4%) committed. 

Chunk freelists:
   Non-Class:  2.04 MB
       Class:  1.42 MB
        Both:  3.46 MB

MaxMetaspaceSize: unlimited
CompressedClassSpaceSize: 1.00 GB
Initial GC threshold: 21.00 MB
Current GC threshold: 58.88 MB
CDS: on
MetaspaceReclaimPolicy: balanced
 - commit_granule_bytes: 65536.
 - commit_granule_words: 8192.
 - virtual_space_node_default_size: 8388608.
 - enlarge_chunks_in_place: 1.
 - new_chunks_are_fully_committed: 0.
 - uncommit_free_chunks: 1.
 - use_allocation_guard: 0.


Internal statistics:

num_allocs_failed_limit: 6.
num_arena_births: 690.
num_arena_deaths: 0.
num_vsnodes_births: 2.
num_vsnodes_deaths: 0.
num_space_committed: 763.
num_space_uncommitted: 0.
num_chunks_returned_to_freelist: 6.
num_chunks_taken_from_freelist: 2369.
num_chunk_merges: 6.
num_chunk_splits: 1735.
num_chunks_enlarged: 1387.
num_inconsistent_stats: 0.

CodeHeap 'non-profiled nmethods': size=120000Kb used=2982Kb max_used=2982Kb free=117018Kb
 bounds [0x0000023ef0b30000, 0x0000023ef0e20000, 0x0000023ef8060000]
CodeHeap 'profiled nmethods': size=120000Kb used=10506Kb max_used=10506Kb free=109493Kb
 bounds [0x0000023ee9600000, 0x0000023eea050000, 0x0000023ef0b30000]
CodeHeap 'non-nmethods': size=5760Kb used=1313Kb max_used=1347Kb free=4446Kb
 bounds [0x0000023ee9060000, 0x0000023ee92d0000, 0x0000023ee9600000]
 total_blobs=5707 nmethods=5097 adapters=520
 compilation: enabled
              stopped_count=0, restarted_count=0
 full_count=0

Compilation events (20 events):
Event: 4.127 Thread 0x0000023e84585b70 nmethod 5008 0x0000023eea00af10 code [0x0000023eea00b120, 0x0000023eea00b718]
Event: 4.127 Thread 0x0000023e84585b70 5005       3       net.bytebuddy.description.annotation.AnnotationValue$ForConstant::filter (184 bytes)
Event: 4.129 Thread 0x0000023e84585b70 nmethod 5005 0x0000023eea00ba90 code [0x0000023eea00bf40, 0x0000023eea00e0e8]
Event: 4.129 Thread 0x0000023e84585b70 5006       3       net.bytebuddy.description.type.TypeDescription$AbstractBase::asBoxed (130 bytes)
Event: 4.130 Thread 0x0000023e84585b70 nmethod 5006 0x0000023eea00ec10 code [0x0000023eea00f2a0, 0x0000023eea013098]
Event: 4.130 Thread 0x0000023e84585b70 5007       3       java.lang.invoke.LambdaForm$DMH/0x0000000800c3c000::invokeInterface (25 bytes)
Event: 4.131 Thread 0x0000023e84585b70 nmethod 5007 0x0000023eea013d10 code [0x0000023eea013f00, 0x0000023eea0146c8]
Event: 4.131 Thread 0x0000023e84585b70 5010       3       net.bytebuddy.implementation.bytecode.StackSize::toIncreasingSize (16 bytes)
Event: 4.131 Thread 0x0000023e84585b70 nmethod 5010 0x0000023eea014810 code [0x0000023eea0149c0, 0x0000023eea014c18]
Event: 4.131 Thread 0x0000023e84585b70 5015       3       net.bytebuddy.jar.asm.MethodWriter::visitInsn (115 bytes)
Event: 4.131 Thread 0x0000023e84585b70 nmethod 5015 0x0000023eea014d10 code [0x0000023eea014f00, 0x0000023eea0153e8]
Event: 4.131 Thread 0x0000023e84585b70 5011       3       net.bytebuddy.description.type.TypeDescription$AbstractBase::isVisibleTo (58 bytes)
Event: 4.132 Thread 0x0000023e84585b70 nmethod 5011 0x0000023eea015590 code [0x0000023eea0157c0, 0x0000023eea016308]
Event: 4.132 Thread 0x0000023e84585b70 5012       3       net.bytebuddy.description.ModifierReviewable$AbstractBase::isInterface (8 bytes)
Event: 4.132 Thread 0x0000023e84585b70 nmethod 5012 0x0000023eea016510 code [0x0000023eea0166c0, 0x0000023eea016948]
Event: 4.132 Thread 0x0000023e84585b70 5016       3       net.bytebuddy.description.type.TypeList$Generic$OfMethodExceptionTypes::size (9 bytes)
Event: 4.132 Thread 0x0000023e84585b70 nmethod 5016 0x0000023eea016a10 code [0x0000023eea016bc0, 0x0000023eea016f08]
Event: 4.132 Thread 0x0000023e84585b70 5017       3       net.bytebuddy.description.annotation.AnnotationValue$ForConstant::of (348 bytes)
Event: 4.135 Thread 0x0000023e84585b70 nmethod 5017 0x0000023eea017090 code [0x0000023eea017980, 0x0000023eea01eb38]
Event: 4.135 Thread 0x0000023e84585b70 5020       3       net.bytebuddy.matcher.FilterableList$AbstractBase::filter (80 bytes)

GC Heap History (18 events):
Event: 0.462 GC heap before
{Heap before GC invocations=0 (full 0):
 garbage-first heap   total 262144K, used 22528K [0x0000000701000000, 0x0000000800000000)
  region size 2048K, 11 young (22528K), 0 survivors (0K)
 Metaspace       used 6215K, committed 6464K, reserved 1114112K
  class space    used 713K, committed 832K, reserved 1048576K
}
Event: 0.466 GC heap after
{Heap after GC invocations=1 (full 0):
 garbage-first heap   total 262144K, used 7228K [0x0000000701000000, 0x0000000800000000)
  region size 2048K, 2 young (4096K), 2 survivors (4096K)
 Metaspace       used 6215K, committed 6464K, reserved 1114112K
  class space    used 713K, committed 832K, reserved 1048576K
}
Event: 0.763 GC heap before
{Heap before GC invocations=1 (full 0):
 garbage-first heap   total 262144K, used 31804K [0x0000000701000000, 0x0000000800000000)
  region size 2048K, 15 young (30720K), 2 survivors (4096K)
 Metaspace       used 12946K, committed 13120K, reserved 1114112K
  class space    used 1700K, committed 1792K, reserved 1048576K
}
Event: 0.766 GC heap after
{Heap after GC invocations=2 (full 0):
 garbage-first heap   total 262144K, used 9114K [0x0000000701000000, 0x0000000800000000)
  region size 2048K, 1 young (2048K), 1 survivors (2048K)
 Metaspace       used 12946K, committed 13120K, reserved 1114112K
  class space    used 1700K, committed 1792K, reserved 1048576K
}
Event: 1.325 GC heap before
{Heap before GC invocations=2 (full 0):
 garbage-first heap   total 262144K, used 52122K [0x0000000701000000, 0x0000000800000000)
  region size 2048K, 24 young (49152K), 1 survivors (2048K)
 Metaspace       used 21264K, committed 21504K, reserved 1114112K
  class space    used 2631K, committed 2752K, reserved 1048576K
}
Event: 1.330 GC heap after
{Heap after GC invocations=3 (full 0):
 garbage-first heap   total 262144K, used 13033K [0x0000000701000000, 0x0000000800000000)
  region size 2048K, 3 young (6144K), 3 survivors (6144K)
 Metaspace       used 21264K, committed 21504K, reserved 1114112K
  class space    used 2631K, committed 2752K, reserved 1048576K
}
Event: 2.241 GC heap before
{Heap before GC invocations=4 (full 0):
 garbage-first heap   total 55296K, used 53993K [0x0000000701000000, 0x0000000800000000)
  region size 2048K, 23 young (47104K), 3 survivors (6144K)
 Metaspace       used 29486K, committed 29952K, reserved 1114112K
  class space    used 3743K, committed 3968K, reserved 1048576K
}
Event: 2.249 GC heap after
{Heap after GC invocations=5 (full 0):
 garbage-first heap   total 65536K, used 17138K [0x0000000701000000, 0x0000000800000000)
  region size 2048K, 5 young (10240K), 5 survivors (10240K)
 Metaspace       used 29486K, committed 29952K, reserved 1114112K
  class space    used 3743K, committed 3968K, reserved 1048576K
}
Event: 2.280 GC heap before
{Heap before GC invocations=5 (full 0):
 garbage-first heap   total 65536K, used 19186K [0x0000000701000000, 0x0000000800000000)
  region size 2048K, 6 young (12288K), 5 survivors (10240K)
 Metaspace       used 29684K, committed 30208K, reserved 1114112K
  class space    used 3774K, committed 4032K, reserved 1048576K
}
Event: 2.286 GC heap after
{Heap after GC invocations=6 (full 0):
 garbage-first heap   total 65536K, used 18226K [0x0000000701000000, 0x0000000800000000)
  region size 2048K, 1 young (2048K), 1 survivors (2048K)
 Metaspace       used 29684K, committed 30208K, reserved 1114112K
  class space    used 3774K, committed 4032K, reserved 1048576K
}
Event: 2.781 GC heap before
{Heap before GC invocations=6 (full 0):
 garbage-first heap   total 65536K, used 40754K [0x0000000701000000, 0x0000000800000000)
  region size 2048K, 12 young (24576K), 1 survivors (2048K)
 Metaspace       used 34994K, committed 35520K, reserved 1114112K
  class space    used 4572K, committed 4800K, reserved 1048576K
}
Event: 2.784 GC heap after
{Heap after GC invocations=7 (full 0):
 garbage-first heap   total 65536K, used 18189K [0x0000000701000000, 0x0000000800000000)
  region size 2048K, 1 young (2048K), 1 survivors (2048K)
 Metaspace       used 34994K, committed 35520K, reserved 1114112K
  class space    used 4572K, committed 4800K, reserved 1048576K
}
Event: 2.851 GC heap before
{Heap before GC invocations=7 (full 0):
 garbage-first heap   total 65536K, used 18189K [0x0000000701000000, 0x0000000800000000)
  region size 2048K, 2 young (4096K), 1 survivors (2048K)
 Metaspace       used 35646K, committed 36096K, reserved 1114112K
  class space    used 4638K, committed 4864K, reserved 1048576K
}
Event: 2.853 GC heap after
{Heap after GC invocations=8 (full 0):
 garbage-first heap   total 65536K, used 18205K [0x0000000701000000, 0x0000000800000000)
  region size 2048K, 1 young (2048K), 1 survivors (2048K)
 Metaspace       used 35646K, committed 36096K, reserved 1114112K
  class space    used 4638K, committed 4864K, reserved 1048576K
}
Event: 3.611 GC heap before
{Heap before GC invocations=9 (full 0):
 garbage-first heap   total 65536K, used 44829K [0x0000000701000000, 0x0000000800000000)
  region size 2048K, 14 young (28672K), 1 survivors (2048K)
 Metaspace       used 42446K, committed 42944K, reserved 1114112K
  class space    used 5524K, committed 5760K, reserved 1048576K
}
Event: 3.614 GC heap after
{Heap after GC invocations=10 (full 0):
 garbage-first heap   total 65536K, used 20272K [0x0000000701000000, 0x0000000800000000)
  region size 2048K, 2 young (4096K), 2 survivors (4096K)
 Metaspace       used 42446K, committed 42944K, reserved 1114112K
  class space    used 5524K, committed 5760K, reserved 1048576K
}
Event: 3.647 GC heap before
{Heap before GC invocations=10 (full 0):
 garbage-first heap   total 65536K, used 22320K [0x0000000701000000, 0x0000000800000000)
  region size 2048K, 3 young (6144K), 2 survivors (4096K)
 Metaspace       used 42676K, committed 43136K, reserved 1114112K
  class space    used 5547K, committed 5760K, reserved 1048576K
}
Event: 3.655 GC heap after
{Heap after GC invocations=11 (full 0):
 garbage-first heap   total 65536K, used 20308K [0x0000000701000000, 0x0000000800000000)
  region size 2048K, 1 young (2048K), 1 survivors (2048K)
 Metaspace       used 42676K, committed 43136K, reserved 1114112K
  class space    used 5547K, committed 5760K, reserved 1048576K
}

Deoptimization events (20 events):
Event: 3.615 Thread 0x0000023ee172c980 Uncommon trap: trap_request=0xffffffcc fr.pc=0x0000023ef0ddb5c4 relative=0x0000000000000224
Event: 3.615 Thread 0x0000023ee172c980 Uncommon trap: reason=intrinsic_or_type_checked_inlining action=make_not_entrant pc=0x0000023ef0ddb5c4 method=java.util.ArrayList.toArray([Ljava/lang/Object;)[Ljava/lang/Object; @ 36 c2
Event: 3.615 Thread 0x0000023ee172c980 DEOPT PACKING pc=0x0000023ef0ddb5c4 sp=0x000000e4e22fd780
Event: 3.615 Thread 0x0000023ee172c980 DEOPT UNPACKING pc=0x0000023ee90b23a3 sp=0x000000e4e22fd720 mode 2
Event: 3.620 Thread 0x0000023e8aa35390 Uncommon trap: trap_request=0xffffffdc fr.pc=0x0000023ef0ddd040 relative=0x00000000000002a0
Event: 3.620 Thread 0x0000023e8aa35390 Uncommon trap: reason=class_check action=make_not_entrant pc=0x0000023ef0ddd040 method=java.util.ArrayList.toArray([Ljava/lang/Object;)[Ljava/lang/Object; @ 21 c2
Event: 3.620 Thread 0x0000023e8aa35390 DEOPT PACKING pc=0x0000023ef0ddd040 sp=0x000000e4e44fece0
Event: 3.621 Thread 0x0000023e8aa35390 DEOPT UNPACKING pc=0x0000023ee90b23a3 sp=0x000000e4e44fecb0 mode 2
Event: 3.985 Thread 0x0000023ee172c980 Uncommon trap: trap_request=0xffffff45 fr.pc=0x0000023ef0c5fee4 relative=0x0000000000000064
Event: 3.985 Thread 0x0000023ee172c980 Uncommon trap: reason=unstable_if action=reinterpret pc=0x0000023ef0c5fee4 method=java.lang.Class.getComponentType()Ljava/lang/Class; @ 4 c2
Event: 3.985 Thread 0x0000023ee172c980 DEOPT PACKING pc=0x0000023ef0c5fee4 sp=0x000000e4e22fcdc0
Event: 3.985 Thread 0x0000023ee172c980 DEOPT UNPACKING pc=0x0000023ee90b23a3 sp=0x000000e4e22fcd50 mode 2
Event: 3.989 Thread 0x0000023ee172c980 Uncommon trap: trap_request=0xffffff45 fr.pc=0x0000023ef0ce9cc4 relative=0x0000000000000684
Event: 3.989 Thread 0x0000023ee172c980 Uncommon trap: reason=unstable_if action=reinterpret pc=0x0000023ef0ce9cc4 method=java.util.HashMap$HashIterator.<init>(Ljava/util/HashMap;)V @ 45 c2
Event: 3.989 Thread 0x0000023ee172c980 DEOPT PACKING pc=0x0000023ef0ce9cc4 sp=0x000000e4e22fce90
Event: 3.989 Thread 0x0000023ee172c980 DEOPT UNPACKING pc=0x0000023ee90b23a3 sp=0x000000e4e22fcd20 mode 2
Event: 4.042 Thread 0x0000023ee172c980 Uncommon trap: trap_request=0xffffff45 fr.pc=0x0000023ef0c96fb0 relative=0x0000000000000c70
Event: 4.042 Thread 0x0000023ee172c980 Uncommon trap: reason=unstable_if action=reinterpret pc=0x0000023ef0c96fb0 method=jdk.internal.org.objectweb.asm.Frame.getAbstractTypeFromDescriptor(Ljdk/internal/org/objectweb/asm/SymbolTable;Ljava/lang/String;I)I @ 189 c2
Event: 4.042 Thread 0x0000023ee172c980 DEOPT PACKING pc=0x0000023ef0c96fb0 sp=0x000000e4e22fbbb0
Event: 4.042 Thread 0x0000023ee172c980 DEOPT UNPACKING pc=0x0000023ee90b23a3 sp=0x000000e4e22fbb70 mode 2

Classes loaded (20 events):
Event: 3.469 Loading class javax/naming/RefAddr
Event: 3.469 Loading class javax/naming/RefAddr done
Event: 3.469 Loading class javax/naming/StringRefAddr
Event: 3.469 Loading class javax/naming/StringRefAddr done
Event: 3.493 Loading class java/util/concurrent/CompletionStage
Event: 3.493 Loading class java/util/concurrent/CompletionStage done
Event: 3.494 Loading class java/util/concurrent/CompletableFuture
Event: 3.495 Loading class java/util/concurrent/CompletableFuture done
Event: 3.495 Loading class java/util/concurrent/CompletableFuture$AltResult
Event: 3.495 Loading class java/util/concurrent/CompletableFuture$AltResult done
Event: 3.495 Loading class java/util/concurrent/CompletableFuture$Completion
Event: 3.495 Loading class java/util/concurrent/CompletableFuture$AsynchronousCompletionTask
Event: 3.495 Loading class java/util/concurrent/CompletableFuture$AsynchronousCompletionTask done
Event: 3.495 Loading class java/util/concurrent/CompletableFuture$Completion done
Event: 3.559 Loading class sun/reflect/annotation/TypeAnnotation$TypeAnnotationTargetInfo
Event: 3.559 Loading class sun/reflect/annotation/TypeAnnotation$TypeAnnotationTargetInfo done
Event: 3.642 Loading class java/util/concurrent/CancellationException
Event: 3.642 Loading class java/util/concurrent/CancellationException done
Event: 3.869 Loading class java/util/ArrayList$ListItr
Event: 3.869 Loading class java/util/ArrayList$ListItr done

Classes unloaded (0 events):
No events

Classes redefined (0 events):
No events

Internal exceptions (20 events):
Event: 2.164 Thread 0x0000023ee172c980 Exception <a 'java/io/FileNotFoundException'{0x0000000701ce0d10}> (0x0000000701ce0d10) 
thrown [s\open\src\hotspot\share\prims\jni.cpp, line 516]
Event: 2.184 Thread 0x0000023ee172c980 Exception <a 'java/lang/NoSuchMethodError'{0x0000000701a2b048}: 'int java.lang.invoke.DirectMethodHandle$Holder.invokeInterface(java.lang.Object, java.lang.Object, java.lang.Object, java.lang.Object)'> (0x0000000701a2b048) 
thrown [s\open\src\hotspot\share\interpreter\linkResolver.cpp, line 766]
Event: 2.221 Thread 0x0000023ee172c980 Exception <a 'java/lang/NoSuchMethodError'{0x000000070194f1b0}: 'long java.lang.invoke.DirectMethodHandle$Holder.invokeVirtual(java.lang.Object, java.lang.Object)'> (0x000000070194f1b0) 
thrown [s\open\src\hotspot\share\interpreter\linkResolver.cpp, line 766]
Event: 2.250 Thread 0x0000023ee172c980 Implicit null exception at 0x0000023ef0c80805 to 0x0000023ef0c80a98
Event: 2.322 Thread 0x0000023ee172c980 Exception <a 'java/lang/NoSuchMethodError'{0x000000070dd0b478}: 'java.lang.Object java.lang.invoke.DirectMethodHandle$Holder.newInvokeSpecial(java.lang.Object, java.lang.Object, java.lang.Object, java.lang.Object, java.lang.Object, java.lang.Object, java.lang.Object, java.lang.Object, java.lang.Object, java.lang.Object, java.lang.Object)'> (0x000000070dd0b478) 
thrown [s\open\src\hotspot\share\interpreter\linkResolver.cpp, line 766]
Event: 2.322 Thread 0x0000023ee172c980 Exception <a 'java/lang/NoSuchMethodError'{0x000000070dd106a0}: 'java.lang.Object java.lang.invoke.DirectMethodHandle$Holder.invokeSpecial(java.lang.Object, java.lang.Object, java.lang.Object, java.lang.Object, java.lang.Object, java.lang.Object, java.lang.Object, java.lang.Object, java.lang.Object, java.lang.Object, java.lang.Object, java.lang.Object)'> (0x000000070dd106a0) 
thrown [s\open\src\hotspot\share\interpreter\linkResolver.cpp, line 766]
Event: 2.413 Thread 0x0000023ee172c980 Exception <a 'java/lang/NoSuchMethodError'{0x0000000704601f20}: 'void java.lang.invoke.DelegatingMethodHandle$Holder.reinvoke_L(java.lang.Object, java.lang.Object, java.lang.Object, java.lang.Object, int, java.lang.Object, java.lang.Object, java.lang.Object)'> (0x0000000704601f20) 
thrown [s\open\src\hotspot\share\interpreter\linkResolver.cpp, line 766]
Event: 2.840 Thread 0x0000023ee172c980 Exception <a 'java/lang/NoSuchMethodError'{0x0000000710f73798}: method resolution failed> (0x0000000710f73798) 
thrown [s\open\src\hotspot\share\prims\methodHandles.cpp, line 1264]
Event: 2.851 Thread 0x0000023ee172c980 Exception <a 'java/lang/NoSuchMethodError'{0x0000000710fbdd48}: 'int java.lang.invoke.DirectMethodHandle$Holder.invokeStaticInit(java.lang.Object, java.lang.Object, java.lang.Object, java.lang.Object)'> (0x0000000710fbdd48) 
thrown [s\open\src\hotspot\share\interpreter\linkResolver.cpp, line 766]
Event: 3.001 Thread 0x0000023ee172c980 Exception <a 'sun/nio/fs/WindowsException'{0x000000070dc18d10}> (0x000000070dc18d10) 
thrown [s\open\src\hotspot\share\prims\jni.cpp, line 516]
Event: 3.087 Thread 0x0000023ee172c980 Implicit null exception at 0x0000023ef0c9a7ec to 0x0000023ef0c9a89c
Event: 3.175 Thread 0x0000023ee172c980 Exception <a 'java/lang/NoSuchMethodError'{0x00000007046fe0e8}: 'java.lang.Object java.lang.invoke.DirectMethodHandle$Holder.invokeStaticInit(java.lang.Object, java.lang.Object, java.lang.Object, java.lang.Object)'> (0x00000007046fe0e8) 
thrown [s\open\src\hotspot\share\interpreter\linkResolver.cpp, line 766]
Event: 3.274 Thread 0x0000023e8aa35390 Implicit null exception at 0x0000023ef0d70637 to 0x0000023ef0d70e24
Event: 3.274 Thread 0x0000023ee172c980 Exception <a 'java/lang/NoSuchMethodError'{0x0000000704081480}: 'java.lang.Object java.lang.invoke.DirectMethodHandle$Holder.newInvokeSpecial(java.lang.Object, java.lang.Object, java.lang.Object, int)'> (0x0000000704081480) 
thrown [s\open\src\hotspot\share\interpreter\linkResolver.cpp, line 766]
Event: 3.275 Thread 0x0000023ee172c980 Exception <a 'java/lang/NoSuchMethodError'{0x0000000704085590}: 'java.lang.Object java.lang.invoke.DirectMethodHandle$Holder.invokeSpecial(java.lang.Object, java.lang.Object, java.lang.Object, java.lang.Object, int)'> (0x0000000704085590) 
thrown [s\open\src\hotspot\share\interpreter\linkResolver.cpp, line 766]
Event: 3.275 Thread 0x0000023ee172c980 Exception <a 'java/lang/NoSuchMethodError'{0x0000000704088c98}: 'java.lang.Object java.lang.invoke.Invokers$Holder.linkToTargetMethod(java.lang.Object, java.lang.Object, int, java.lang.Object)'> (0x0000000704088c98) 
thrown [s\open\src\hotspot\share\interpreter\linkResolver.cpp, line 766]
Event: 3.275 Thread 0x0000023e8aa35390 Implicit null exception at 0x0000023ef0d7f67c to 0x0000023ef0d868fc
Event: 3.735 Thread 0x0000023ee172c980 Exception <a 'java/lang/NoSuchMethodError'{0x000000070dd61750}: 'java.lang.Object java.lang.invoke.DirectMethodHandle$Holder.invokeStatic(java.lang.Object, java.lang.Object, int, java.lang.Object)'> (0x000000070dd61750) 
thrown [s\open\src\hotspot\share\interpreter\linkResolver.cpp, line 766]
Event: 3.735 Thread 0x0000023ee172c980 Exception <a 'java/lang/NoSuchMethodError'{0x000000070dd65430}: 'java.lang.Object java.lang.invoke.DirectMethodHandle$Holder.invokeStaticInit(java.lang.Object, java.lang.Object, int, java.lang.Object)'> (0x000000070dd65430) 
thrown [s\open\src\hotspot\share\interpreter\linkResolver.cpp, line 766]
Event: 3.759 Thread 0x0000023ee172c980 Exception <a 'java/lang/IncompatibleClassChangeError'{0x000000070daad938}: Found class java.lang.Object, but interface was expected> (0x000000070daad938) 
thrown [s\open\src\hotspot\share\interpreter\linkResolver.cpp, line 833]

VM Operations (20 events):
Event: 2.882 Executing VM operation: G1Concurrent
Event: 2.882 Executing VM operation: G1Concurrent done
Event: 3.002 Executing VM operation: HandshakeAllThreads
Event: 3.002 Executing VM operation: HandshakeAllThreads done
Event: 3.007 Executing VM operation: HandshakeAllThreads
Event: 3.007 Executing VM operation: HandshakeAllThreads done
Event: 3.283 Executing VM operation: HandshakeAllThreads
Event: 3.283 Executing VM operation: HandshakeAllThreads done
Event: 3.299 Executing VM operation: HandshakeAllThreads
Event: 3.299 Executing VM operation: HandshakeAllThreads done
Event: 3.389 Executing VM operation: ICBufferFull
Event: 3.390 Executing VM operation: ICBufferFull done
Event: 3.611 Executing VM operation: G1CollectForAllocation
Event: 3.614 Executing VM operation: G1CollectForAllocation done
Event: 3.647 Executing VM operation: G1CollectForAllocation
Event: 3.655 Executing VM operation: G1CollectForAllocation done
Event: 3.869 Executing VM operation: HandshakeAllThreads
Event: 3.870 Executing VM operation: HandshakeAllThreads done
Event: 4.080 Executing VM operation: ICBufferFull
Event: 4.080 Executing VM operation: ICBufferFull done

Events (20 events):
Event: 0.144 Thread 0x0000023e88a484c0 Thread added: 0x0000023e88a484c0
Event: 0.144 Thread 0x0000023e88913990 Thread added: 0x0000023e88913990
Event: 0.168 Loaded shared library C:\Program Files\Java\jdk-18.0.1.1\bin\jimage.dll
Event: 0.248 Thread 0x0000023e88da1920 Thread added: 0x0000023e88da1920
Event: 0.585 Thread 0x0000023e8962c160 Thread added: 0x0000023e8962c160
Event: 0.638 Loaded shared library C:\Program Files\Java\jdk-18.0.1.1\bin\verify.dll
Event: 0.876 Thread 0x0000023e896d8240 Thread added: 0x0000023e896d8240
Event: 0.879 Thread 0x0000023e897dba30 Thread added: 0x0000023e897dba30
Event: 0.897 Thread 0x0000023e897dba30 Thread exited: 0x0000023e897dba30
Event: 0.969 Thread 0x0000023e8962c160 Thread exited: 0x0000023e8962c160
Event: 2.147 Loaded shared library C:\Program Files\Java\jdk-18.0.1.1\bin\sunmscapi.dll
Event: 2.154 Loaded shared library C:\Program Files\Java\jdk-18.0.1.1\bin\management.dll
Event: 2.156 Loaded shared library C:\Program Files\Java\jdk-18.0.1.1\bin\management_ext.dll
Event: 2.236 Thread 0x0000023e8aa35860 Thread added: 0x0000023e8aa35860
Event: 2.238 Thread 0x0000023e8aa383b0 Thread added: 0x0000023e8aa383b0
Event: 2.250 Thread 0x0000023e8aa34ec0 Thread added: 0x0000023e8aa34ec0
Event: 2.585 Thread 0x0000023e896d8240 Thread exited: 0x0000023e896d8240
Event: 3.124 Thread 0x0000023e8aa37ee0 Thread added: 0x0000023e8aa37ee0
Event: 3.226 Thread 0x0000023e8aa35390 Thread added: 0x0000023e8aa35390
Event: 3.285 Thread 0x0000023e896d9170 Thread added: 0x0000023e896d9170


Dynamic libraries:
0x00007ff684190000 - 0x00007ff6841a0000 	C:\Program Files\Java\jdk-18.0.1.1\bin\java.exe
0x00007ff99fcf0000 - 0x00007ff99fee8000 	C:\WINDOWS\SYSTEM32\ntdll.dll
0x00007ff99e750000 - 0x00007ff99e80f000 	C:\WINDOWS\System32\KERNEL32.DLL
0x00007ff99d6f0000 - 0x00007ff99d9e6000 	C:\WINDOWS\System32\KERNELBASE.dll
0x00007ff99d9f0000 - 0x00007ff99daf0000 	C:\WINDOWS\System32\ucrtbase.dll
0x00007ff999230000 - 0x00007ff999248000 	C:\Program Files\Java\jdk-18.0.1.1\bin\jli.dll
0x00007ff99dd50000 - 0x00007ff99ddff000 	C:\WINDOWS\System32\ADVAPI32.dll
0x00007ff999250000 - 0x00007ff99926a000 	C:\Program Files\Java\jdk-18.0.1.1\bin\VCRUNTIME140.dll
0x00007ff99e500000 - 0x00007ff99e59e000 	C:\WINDOWS\System32\msvcrt.dll
0x00007ff99e5a0000 - 0x00007ff99e63c000 	C:\WINDOWS\System32\sechost.dll
0x00007ff99eb80000 - 0x00007ff99eca6000 	C:\WINDOWS\System32\RPCRT4.dll
0x00007ff99e360000 - 0x00007ff99e4fd000 	C:\WINDOWS\System32\USER32.dll
0x00007ff99dc10000 - 0x00007ff99dc32000 	C:\WINDOWS\System32\win32u.dll
0x00007ff98df00000 - 0x00007ff98e19a000 	C:\WINDOWS\WinSxS\amd64_microsoft.windows.common-controls_6595b64144ccf1df_6.0.19041.1110_none_60b5254171f9507e\COMCTL32.dll
0x00007ff99e2d0000 - 0x00007ff99e2fc000 	C:\WINDOWS\System32\GDI32.dll
0x00007ff99daf0000 - 0x00007ff99dc05000 	C:\WINDOWS\System32\gdi32full.dll
0x00007ff99d650000 - 0x00007ff99d6ed000 	C:\WINDOWS\System32\msvcp_win.dll
0x00007ff998340000 - 0x00007ff99834a000 	C:\WINDOWS\SYSTEM32\VERSION.dll
0x00007ff99e720000 - 0x00007ff99e750000 	C:\WINDOWS\System32\IMM32.DLL
0x00007ff9992c0000 - 0x00007ff9992cc000 	C:\Program Files\Java\jdk-18.0.1.1\bin\vcruntime140_1.dll
0x00007ff994a10000 - 0x00007ff994a9d000 	C:\Program Files\Java\jdk-18.0.1.1\bin\msvcp140.dll
0x00007ff976f30000 - 0x00007ff977b40000 	C:\Program Files\Java\jdk-18.0.1.1\bin\server\jvm.dll
0x00007ff99ecb0000 - 0x00007ff99ecb8000 	C:\WINDOWS\System32\PSAPI.DLL
0x00007ff98e200000 - 0x00007ff98e209000 	C:\WINDOWS\SYSTEM32\WSOCK32.dll
0x00007ff995d30000 - 0x00007ff995d57000 	C:\WINDOWS\SYSTEM32\WINMM.dll
0x00007ff99f930000 - 0x00007ff99f99b000 	C:\WINDOWS\System32\WS2_32.dll
0x00007ff99b2a0000 - 0x00007ff99b2b2000 	C:\WINDOWS\SYSTEM32\kernel.appcore.dll
0x00007ff999290000 - 0x00007ff99929a000 	C:\Program Files\Java\jdk-18.0.1.1\bin\jimage.dll
0x00007ff98ccd0000 - 0x00007ff98ceb4000 	C:\WINDOWS\SYSTEM32\DBGHELP.DLL
0x00007ff98cb50000 - 0x00007ff98cb84000 	C:\WINDOWS\SYSTEM32\dbgcore.DLL
0x00007ff99dcc0000 - 0x00007ff99dd42000 	C:\WINDOWS\System32\bcryptPrimitives.dll
0x00007ff994c10000 - 0x00007ff994c1e000 	C:\Program Files\Java\jdk-18.0.1.1\bin\instrument.dll
0x00007ff998ee0000 - 0x00007ff998f05000 	C:\Program Files\Java\jdk-18.0.1.1\bin\java.dll
0x00007ff9819c0000 - 0x00007ff981a96000 	C:\Program Files\Java\jdk-18.0.1.1\bin\jsvml.dll
0x00007ff99ee20000 - 0x00007ff99f564000 	C:\WINDOWS\System32\SHELL32.dll
0x00007ff99b4a0000 - 0x00007ff99bc34000 	C:\WINDOWS\SYSTEM32\windows.storage.dll
0x00007ff99e810000 - 0x00007ff99eb64000 	C:\WINDOWS\System32\combase.dll
0x00007ff99cda0000 - 0x00007ff99cdce000 	C:\WINDOWS\SYSTEM32\Wldp.dll
0x00007ff99ed70000 - 0x00007ff99ee1d000 	C:\WINDOWS\System32\SHCORE.dll
0x00007ff99e6c0000 - 0x00007ff99e715000 	C:\WINDOWS\System32\shlwapi.dll
0x00007ff99d300000 - 0x00007ff99d325000 	C:\WINDOWS\SYSTEM32\profapi.dll
0x00007ff998de0000 - 0x00007ff998df8000 	C:\Program Files\Java\jdk-18.0.1.1\bin\zip.dll
0x00007ff998ec0000 - 0x00007ff998ed3000 	C:\Program Files\Java\jdk-18.0.1.1\bin\net.dll
0x00007ff995930000 - 0x00007ff995a3a000 	C:\WINDOWS\SYSTEM32\WINHTTP.dll
0x00007ff99caa0000 - 0x00007ff99cb0a000 	C:\WINDOWS\system32\mswsock.dll
0x00007ff998ea0000 - 0x00007ff998eb6000 	C:\Program Files\Java\jdk-18.0.1.1\bin\nio.dll
0x00007ff9949f0000 - 0x00007ff994a0a000 	C:\Program Files\JetBrains\IntelliJ IDEA Community Edition 2022.3.2\bin\breakgen64.dll
0x00007ff999220000 - 0x00007ff999230000 	C:\Program Files\Java\jdk-18.0.1.1\bin\verify.dll
0x00007ff99ccf0000 - 0x00007ff99cd08000 	C:\WINDOWS\SYSTEM32\CRYPTSP.dll
0x00007ff99c3c0000 - 0x00007ff99c3f4000 	C:\WINDOWS\system32\rsaenh.dll
0x00007ff99dc40000 - 0x00007ff99dc67000 	C:\WINDOWS\System32\bcrypt.dll
0x00007ff99d280000 - 0x00007ff99d2ae000 	C:\WINDOWS\SYSTEM32\USERENV.dll
0x00007ff99cd70000 - 0x00007ff99cd7c000 	C:\WINDOWS\SYSTEM32\CRYPTBASE.dll
0x00007ff99c790000 - 0x00007ff99c7cc000 	C:\WINDOWS\SYSTEM32\IPHLPAPI.DLL
0x00007ff99fca0000 - 0x00007ff99fca8000 	C:\WINDOWS\System32\NSI.dll
0x00007ff997730000 - 0x00007ff997747000 	C:\WINDOWS\SYSTEM32\dhcpcsvc6.DLL
0x00007ff997160000 - 0x00007ff99717d000 	C:\WINDOWS\SYSTEM32\dhcpcsvc.DLL
0x00007ff99c7d0000 - 0x00007ff99c89a000 	C:\WINDOWS\SYSTEM32\DNSAPI.dll
0x00007ff994b50000 - 0x00007ff994b5e000 	C:\Program Files\Java\jdk-18.0.1.1\bin\sunmscapi.dll
0x00007ff99d3d0000 - 0x00007ff99d52e000 	C:\WINDOWS\System32\CRYPT32.dll
0x00007ff99ce10000 - 0x00007ff99ce38000 	C:\WINDOWS\SYSTEM32\ncrypt.dll
0x00007ff99cdd0000 - 0x00007ff99ce0b000 	C:\WINDOWS\SYSTEM32\NTASN1.dll
0x00007ff998d70000 - 0x00007ff998d79000 	C:\Program Files\Java\jdk-18.0.1.1\bin\management.dll
0x00007ff994c20000 - 0x00007ff994c2b000 	C:\Program Files\Java\jdk-18.0.1.1\bin\management_ext.dll
0x00007ff9958c0000 - 0x00007ff9958ca000 	C:\Windows\System32\rasadhlp.dll
0x00007ff992eb0000 - 0x00007ff992f32000 	C:\WINDOWS\System32\fwpuclnt.dll

dbghelp: loaded successfully - version: 4.0.5 - missing functions: none
symbol engine: initialized successfully - sym options: 0x614 - pdb path: .;C:\Program Files\Java\jdk-18.0.1.1\bin;C:\WINDOWS\SYSTEM32;C:\WINDOWS\WinSxS\amd64_microsoft.windows.common-controls_6595b64144ccf1df_6.0.19041.1110_none_60b5254171f9507e;C:\Program Files\Java\jdk-18.0.1.1\bin\server;C:\Program Files\JetBrains\IntelliJ IDEA Community Edition 2022.3.2\bin

VM Arguments:
jvm_args: -javaagent:C:\Program Files\JetBrains\IntelliJ IDEA Community Edition 2022.3.2\lib\idea_rt.jar=7969:C:\Program Files\JetBrains\IntelliJ IDEA Community Edition 2022.3.2\bin -Dfile.encoding=UTF-8 -Dsun.stdout.encoding=UTF-8 -Dsun.stderr.encoding=UTF-8 
java_command: ru.matyasov.app.accounting.AccountingApplication
java_class_path (initial): C:\Users\home\IdeaProjects\accounting\target\classes;C:\Users\home\.m2\repository\org\springframework\boot\spring-boot-starter-data-jpa\3.0.5\spring-boot-starter-data-jpa-3.0.5.jar;C:\Users\home\.m2\repository\org\springframework\boot\spring-boot-starter-aop\3.0.5\spring-boot-starter-aop-3.0.5.jar;C:\Users\home\.m2\repository\org\springframework\spring-aop\6.0.7\spring-aop-6.0.7.jar;C:\Users\home\.m2\repository\org\aspectj\aspectjweaver\1.9.19\aspectjweaver-1.9.19.jar;C:\Users\home\.m2\repository\org\hibernate\orm\hibernate-core\6.1.7.Final\hibernate-core-6.1.7.Final.jar;C:\Users\home\.m2\repository\jakarta\persistence\jakarta.persistence-api\3.1.0\jakarta.persistence-api-3.1.0.jar;C:\Users\home\.m2\repository\jakarta\transaction\jakarta.transaction-api\2.0.1\jakarta.transaction-api-2.0.1.jar;C:\Users\home\.m2\repository\org\jboss\logging\jboss-logging\3.5.0.Final\jboss-logging-3.5.0.Final.jar;C:\Users\home\.m2\repository\org\hibernate\common\hibernate-commons-annotations\6.0.6.Final\hibernate-commons-annotations-6.0.6.Final.jar;C:\Users\home\.m2\repository\org\jboss\jandex\2.4.2.Final\jandex-2.4.2.Final.jar;C:\Users\home\.m2\repository\com\fasterxml\classmate\1.5.1\classmate-1.5.1.jar;C:\Users\home\.m2\repository\org\glassfish\jaxb\jaxb-runtime\4.0.2\jaxb-runtime-4.0.2.jar;C:\Users\home\.m2\repository\org\glassfish\jaxb\jaxb-core\4.0.2\jaxb-core-4.0.2.jar;C:\Users\home\.m2\repository\org\eclipse\angus\angus-activation\2.0.0\angus-activation-2.0.0.jar;C:\Users\home\.m2\repository\org\glassfish\jaxb\txw2\4.0.2\txw2-4.0.2.jar;C:\Users\home\.m2\repository\com\sun\istack\istack-commons-runtime\4.1.1\istack-commons-runtime-4.1.1.jar;C:\Users\home\.m2\repository\jakarta\inject\jakarta.inject-api\2.0.0\jakarta.inject-api-2.0.0.jar;C:\Users\home\.m2\repository\org\antlr\antlr4-runtime\4.10.1\antlr4-runtime-4.10.1.jar;C:\Users\home\.m2\repository\org\springframework\data\spring-data-jpa\3.0.4\spring-data-jpa-3.0.4.jar;C:\Users\home\.m2\repository\org\springframework\data\spring-data-commons\3.0.4\spring-data-commons-3.0.4.jar;C:\Users\home\.m2\repository\org\springframework\spring-orm\6.0.7\spring-orm-6.0.7.jar;C:\Users\home\.m2\repository\org\springframework\spring-context\6.0.7\spring-context-6.0.7.jar;C:\Users\home\.m2\repository\org\springframework\spring-tx\6.0.7\spring-tx-6.0.7.jar;C:\Users\home\.m2\repository\org\springframework\spring-beans\6.0.7\spring-beans-6.0.7.jar;C:\Users\home\.m2\repository\jakarta\annotation\jakarta.annotation-api\2.1.1\jakarta.annotation-api-2.1.1.jar;C:\Users\home\.m2\repository\org\slf4j\slf4j-api\2.0.7\slf4j-api-2.0.7.jar;C:\Users\home\.m2\repository\org\springframework\spring-aspects\6.0.7\spring-aspects-6.0.7.jar;C:\Users\home\.m2\repository\org\springframework\boot\spring-boot-starter-jdbc\3.0.5\spring-boot-starter-jdbc-3.0.5.jar;C:\Users\home\.m2\repository\org\springframework\boot\spring-boot-starter\3.0.5\spring-boot-starter-3.0.5.jar;C:\Users\home\.m2\repository\org\springframework\boot\spring-boot\3.0.5\spring-boot-3.0.5.jar;C:\Users\home\.m2\repository\org\springframework\boot\spring-boot-autoconfigure\3.0.5\spring-boot-autoconfigure-3.0.5.jar;C:\Users\home\.m2\repository\org\springframework\boot\spring-boot-starter-logging\3.0.5\spring-boot-starter-logging-3.0.5.jar;C:\Users\home\.m2\repository\ch\qos\logback\logback-classic\1.4.6\logback-classic-1.4.6.jar;C:\Users\home\.m2\repository\ch\qos\logback\logback-core\1.4.6\logback-core-1.4.6.jar;C:\Users\home\.m2\repository\org\apache\logging\log4j\log4j-to-slf4j\2.19.0\log4j-to-slf4j-2.19.0.jar;C:\Users\home\.m2\repository\org\apache\logging\log4j\log4j-api\2.19.0\log4j-api-2.19.0.jar;C:\Users\home\.m2\repository\org\slf4j\jul-to-slf4j\2.0.7\jul-to-slf4j-2.0.7.jar;C:\Users\home\.m2\repository\org\yaml\snakeyaml\1.33\snakeyaml-1.33.jar;C:\Users\home\.m2\repository\com\zaxxer\HikariCP\5.0.1\HikariCP-5.0.1.jar;C:\Users\home\.m2\repository\org\springframework\spring-jdbc\6.0.7\spring-jdbc-6.0.7.jar;C:\Users\home\.m2\repository\org\springframework\boot\spring-boot-starter-validation\3.0.5\spring-boot-starter-validation-3.0.5.jar;C:\Users\home\.m2\repository\org\apache\tomcat\embed\tomcat-embed-el\10.1.7\tomcat-embed-el-10.1.7.jar;C:\Users\home\.m2\repository\org\hibernate\validator\hibernate-validator\8.0.0.Final\hibernate-validator-8.0.0.Final.jar;C:\Users\home\.m2\repository\jakarta\validation\jakarta.validation-api\3.0.2\jakarta.validation-api-3.0.2.jar;C:\Users\home\.m2\repository\org\springframework\boot\spring-boot-starter-web\3.0.5\spring-boot-starter-web-3.0.5.jar;C:\Users\home\.m2\repository\org\springframework\boot\spring-boot-starter-json\3.0.5\spring-boot-starter-json-3.0.5.jar;C:\Users\home\.m2\repository\com\fasterxml\jackson\core\jackson-databind\2.14.2\jackson-databind-2.14.2.jar;C:\Users\home\.m2\repository\com\fasterxml\jackson\core\jackson-annotations\2.14.2\jackson-annotations-2.14.2.jar;C:\Users\home\.m2\repository\com\fasterxml\jackson\core\jackson-core\2.14.2\jackson-core-2.14.2.jar;C:\Users\home\.m2\repository\com\fasterxml\jackson\datatype\jackson-datatype-jdk8\2.14.2\jackson-datatype-jdk8-2.14.2.jar;C:\Users\home\.m2\repository\com\fasterxml\jackson\datatype\jackson-datatype-jsr310\2.14.2\jackson-datatype-jsr310-2.14.2.jar;C:\Users\home\.m2\repository\com\fasterxml\jackson\module\jackson-module-parameter-names\2.14.2\jackson-module-parameter-names-2.14.2.jar;C:\Users\home\.m2\repository\org\springframework\boot\spring-boot-starter-tomcat\3.0.5\spring-boot-starter-tomcat-3.0.5.jar;C:\Users\home\.m2\repository\org\apache\tomcat\embed\tomcat-embed-core\10.1.7\tomcat-embed-core-10.1.7.jar;C:\Users\home\.m2\repository\org\apache\tomcat\embed\tomcat-embed-websocket\10.1.7\tomcat-embed-websocket-10.1.7.jar;C:\Users\home\.m2\repository\org\springframework\spring-web\6.0.7\spring-web-6.0.7.jar;C:\Users\home\.m2\repository\io\micrometer\micrometer-observation\1.10.5\micrometer-observation-1.10.5.jar;C:\Users\home\.m2\repository\io\micrometer\micrometer-commons\1.10.5\micrometer-commons-1.10.5.jar;C:\Users\home\.m2\repository\org\springframework\spring-webmvc\6.0.7\spring-webmvc-6.0.7.jar;C:\Users\home\.m2\repository\org\springframework\spring-expression\6.0.7\spring-expression-6.0.7.jar;C:\Users\home\.m2\repository\org\postgresql\postgresql\42.5.4\postgresql-42.5.4.jar;C:\Users\home\.m2\repository\org\checkerframework\checker-qual\3.5.0\checker-qual-3.5.0.jar;C:\Users\home\.m2\repository\org\projectlombok\lombok\1.18.26\lombok-1.18.26.jar;C:\Users\home\.m2\repository\jakarta\xml\bind\jakarta.xml.bind-api\4.0.0\jakarta.xml.bind-api-4.0.0.jar;C:\Users\home\.m2\repository\jakarta\activation\jakarta.activation-api\2.1.1\jakarta.activation-api-2.1.1.jar;C:\Users\home\.m2\repository\org\springframework\spring-core\6.0.7\spring-core-6.0.7.jar;C:\Users\home\.m2\repository\org\springframework\spring-jcl\6.0.7\spring-jcl-6.0.7.jar;C:\Users\home\.m2\repository\org\modelmapper\modelmapper\3.1.1\modelmapper-3.1.1.jar;C:\Users\home\.m2\repository\org\assertj\assertj-core\3.23.1\assertj-core-3.23.1.jar;C:\Users\home\.m2\repository\net\bytebuddy\byte-buddy\1.12.23\byte-buddy-1.12.23.jar;C:\Users\home\.m2\repository\joda-time\joda-time\2.12.5\joda-time-2.12.5.jar;C:\Users\home\.m2\repository\org\apache\commons\commons-lang3\3.13.0\commons-lang3-3.13.0.jar
Launcher Type: SUN_STANDARD

[Global flags]
     intx CICompilerCount                          = 4                                         {product} {ergonomic}
     uint ConcGCThreads                            = 2                                         {product} {ergonomic}
     uint G1ConcRefinementThreads                  = 8                                         {product} {ergonomic}
   size_t G1HeapRegionSize                         = 2097152                                   {product} {ergonomic}
    uintx GCDrainStackTargetSize                   = 64                                        {product} {ergonomic}
   size_t InitialHeapSize                          = 268435456                                 {product} {ergonomic}
   size_t MarkStackSize                            = 4194304                                   {product} {ergonomic}
   size_t MaxHeapSize                              = 4278190080                                {product} {ergonomic}
   size_t MaxNewSize                               = 2566914048                                {product} {ergonomic}
   size_t MinHeapDeltaBytes                        = 2097152                                   {product} {ergonomic}
   size_t MinHeapSize                              = 8388608                                   {product} {ergonomic}
    uintx NonNMethodCodeHeapSize                   = 5839372                                {pd product} {ergonomic}
    uintx NonProfiledCodeHeapSize                  = 122909434                              {pd product} {ergonomic}
    uintx ProfiledCodeHeapSize                     = 122909434                              {pd product} {ergonomic}
    uintx ReservedCodeCacheSize                    = 251658240                              {pd product} {ergonomic}
     bool SegmentedCodeCache                       = true                                      {product} {ergonomic}
   size_t SoftMaxHeapSize                          = 4278190080                             {manageable} {ergonomic}
     bool UseCompressedClassPointers               = true                           {product lp64_product} {ergonomic}
     bool UseCompressedOops                        = true                           {product lp64_product} {ergonomic}
     bool UseG1GC                                  = true                                      {product} {ergonomic}
     bool UseLargePagesIndividualAllocation        = false                                  {pd product} {ergonomic}

Logging:
Log output configuration:
 #0: stdout all=warning uptime,level,tags foldmultilines=false
 #1: stderr all=off uptime,level,tags foldmultilines=false

Environment Variables:
JAVA_HOME=C:\Program Files\Java\jdk-18.0.1.1\
PATH=C:\Program Files\Common Files\Oracle\Java\javapath;C:\Program Files (x86)\Common Files\Oracle\Java\javapath;C:\ProgramData\Oracle\Java\javapath;C:\Program Files (x86)\PC Connectivity Solution\;C:\WINDOWS\system32;C:\WINDOWS;C:\WINDOWS\System32\Wbem;C:\WINDOWS\System32\WindowsPowerShell\v1.0\;C:\WINDOWS\System32\OpenSSH\;C:\Program Files (x86)\ATI Technologies\ATI.ACE\Core-Static;C:\Program Files (x86)\AMD\ATI.ACE\Core-Static;C:\Program Files (x86)\Common Files\Acronis\SnapAPI\;C:\Program Files\Git\cmd;C:\Program Files\Java\jdk-18.0.1.1\\bin;C:\Users\home\AppData\Roaming\nvm;C:\Program Files\nodejs;C:\Program Files\gs\gs10.00.0\bin;C:\Users\home\AppData\Local\Microsoft\WindowsApps;C:\Users\home\AppData\Local\Programs\Microsoft VS Code\bin;C:\Users\home\AppData\Roaming\nvm;C:\Program Files\nodejs;C:\Users\home\AppData\Roaming\nvm\v18.14.0;
USERNAME=home
OS=Windows_NT
PROCESSOR_IDENTIFIER=AMD64 Family 23 Model 113 Stepping 0, AuthenticAMD



---------------  S Y S T E M  ---------------

OS:
 Windows 10 , 64 bit Build 19041 (10.0.19041.3155)
OS uptime: 4 days 5:14 hours

CPU: total 8 (initial active 8) (8 cores per cpu, 2 threads per core) family 23 model 113 stepping 0 microcode 0x0, cx8, cmov, fxsr, ht, mmx, 3dnowpref, sse, sse2, sse3, ssse3, sse4a, sse4.1, sse4.2, popcnt, lzcnt, tsc, tscinvbit, avx, avx2, aes, clmul, bmi1, bmi2, adx, sha, fma, vzeroupper, clflush, clflushopt

Memory: 4k page, system-wide physical 16315M (2325M free)
TotalPageFile size 30523M (AvailPageFile size 3M)
current process WorkingSet (physical memory assigned to process): 222M, peak: 222M
current process commit charge ("private bytes"): 259M, peak: 413M

vm_info: Java HotSpot(TM) 64-Bit Server VM (18.0.1.1+2-6) for windows-amd64 JRE (18.0.1.1+2-6), built on Apr 25 2022 21:53:15 by "mach5one" with MS VC++ 16.8 / 16.9 (VS2019)

END.
